This is pdfTeX, Version 3.14159265-2.6-1.40.21 (TeX Live 2020) (preloaded format=pdflatex 2021.1.23)  30 JAN 2021 17:52
entering extended mode
 restricted \write18 enabled.
 %&-line parsing enabled.
**Tarea_1_Macroeconomía.tex
(./Tarea_1_Macroeconomía.tex
LaTeX2e <2020-10-01> patch level 4
L3 programming layer <2021-01-09> xparse <2020-03-03> (/Users/leobardoenriquez/
Library/TinyTeX/texmf-dist/tex/latex/base/article.cls
Document Class: article 2020/04/10 v1.4m Standard LaTeX document class
(/Users/leobardoenriquez/Library/TinyTeX/texmf-dist/tex/latex/base/size10.clo
File: size10.clo 2020/04/10 v1.4m Standard LaTeX file (size option)
)
\c@part=\count177
\c@section=\count178
\c@subsection=\count179
\c@subsubsection=\count180
\c@paragraph=\count181
\c@subparagraph=\count182
\c@figure=\count183
\c@table=\count184
\abovecaptionskip=\skip47
\belowcaptionskip=\skip48
\bibindent=\dimen138
) (/Users/leobardoenriquez/Library/TinyTeX/texmf-dist/tex/latex/lm/lmodern.sty
Package: lmodern 2009/10/30 v1.6 Latin Modern Fonts
LaTeX Font Info:    Overwriting symbol font `operators' in version `normal'
(Font)                  OT1/cmr/m/n --> OT1/lmr/m/n on input line 22.
LaTeX Font Info:    Overwriting symbol font `letters' in version `normal'
(Font)                  OML/cmm/m/it --> OML/lmm/m/it on input line 23.
LaTeX Font Info:    Overwriting symbol font `symbols' in version `normal'
(Font)                  OMS/cmsy/m/n --> OMS/lmsy/m/n on input line 24.
LaTeX Font Info:    Overwriting symbol font `largesymbols' in version `normal'
(Font)                  OMX/cmex/m/n --> OMX/lmex/m/n on input line 25.
LaTeX Font Info:    Overwriting symbol font `operators' in version `bold'
(Font)                  OT1/cmr/bx/n --> OT1/lmr/bx/n on input line 26.
LaTeX Font Info:    Overwriting symbol font `letters' in version `bold'
(Font)                  OML/cmm/b/it --> OML/lmm/b/it on input line 27.
LaTeX Font Info:    Overwriting symbol font `symbols' in version `bold'
(Font)                  OMS/cmsy/b/n --> OMS/lmsy/b/n on input line 28.
LaTeX Font Info:    Overwriting symbol font `largesymbols' in version `bold'
(Font)                  OMX/cmex/m/n --> OMX/lmex/m/n on input line 29.
LaTeX Font Info:    Overwriting math alphabet `\mathbf' in version `normal'
(Font)                  OT1/cmr/bx/n --> OT1/lmr/bx/n on input line 31.
LaTeX Font Info:    Overwriting math alphabet `\mathsf' in version `normal'
(Font)                  OT1/cmss/m/n --> OT1/lmss/m/n on input line 32.
LaTeX Font Info:    Overwriting math alphabet `\mathit' in version `normal'
(Font)                  OT1/cmr/m/it --> OT1/lmr/m/it on input line 33.
LaTeX Font Info:    Overwriting math alphabet `\mathtt' in version `normal'
(Font)                  OT1/cmtt/m/n --> OT1/lmtt/m/n on input line 34.
LaTeX Font Info:    Overwriting math alphabet `\mathbf' in version `bold'
(Font)                  OT1/cmr/bx/n --> OT1/lmr/bx/n on input line 35.
LaTeX Font Info:    Overwriting math alphabet `\mathsf' in version `bold'
(Font)                  OT1/cmss/bx/n --> OT1/lmss/bx/n on input line 36.
LaTeX Font Info:    Overwriting math alphabet `\mathit' in version `bold'
(Font)                  OT1/cmr/bx/it --> OT1/lmr/bx/it on input line 37.
LaTeX Font Info:    Overwriting math alphabet `\mathtt' in version `bold'
(Font)                  OT1/cmtt/m/n --> OT1/lmtt/m/n on input line 38.
)
(/Users/leobardoenriquez/Library/TinyTeX/texmf-dist/tex/latex/amsmath/amsmath.s
ty
Package: amsmath 2020/09/23 v2.17i AMS math features
\@mathmargin=\skip49
For additional information on amsmath, use the `?' option.

(/Users/leobardoenriquez/Library/TinyTeX/texmf-dist/tex/latex/amsmath/amstext.s
ty
Package: amstext 2000/06/29 v2.01 AMS text

(/Users/leobardoenriquez/Library/TinyTeX/texmf-dist/tex/latex/amsmath/amsgen.st
y
File: amsgen.sty 1999/11/30 v2.0 generic functions
\@emptytoks=\toks15
\ex@=\dimen139
))
(/Users/leobardoenriquez/Library/TinyTeX/texmf-dist/tex/latex/amsmath/amsbsy.st
y
Package: amsbsy 1999/11/29 v1.2d Bold Symbols
\pmbraise@=\dimen140
)
(/Users/leobardoenriquez/Library/TinyTeX/texmf-dist/tex/latex/amsmath/amsopn.st
y
Package: amsopn 2016/03/08 v2.02 operator names
)
\inf@bad=\count185
LaTeX Info: Redefining \frac on input line 234.
\uproot@=\count186
\leftroot@=\count187
LaTeX Info: Redefining \overline on input line 399.
\classnum@=\count188
\DOTSCASE@=\count189
LaTeX Info: Redefining \ldots on input line 496.
LaTeX Info: Redefining \dots on input line 499.
LaTeX Info: Redefining \cdots on input line 620.
\Mathstrutbox@=\box47
\strutbox@=\box48
\big@size=\dimen141
LaTeX Font Info:    Redeclaring font encoding OML on input line 743.
LaTeX Font Info:    Redeclaring font encoding OMS on input line 744.
\macc@depth=\count190
\c@MaxMatrixCols=\count191
\dotsspace@=\muskip16
\c@parentequation=\count192
\dspbrk@lvl=\count193
\tag@help=\toks16
\row@=\count194
\column@=\count195
\maxfields@=\count196
\andhelp@=\toks17
\eqnshift@=\dimen142
\alignsep@=\dimen143
\tagshift@=\dimen144
\tagwidth@=\dimen145
\totwidth@=\dimen146
\lineht@=\dimen147
\@envbody=\toks18
\multlinegap=\skip50
\multlinetaggap=\skip51
\mathdisplay@stack=\toks19
LaTeX Info: Redefining \[ on input line 2923.
LaTeX Info: Redefining \] on input line 2924.
)
(/Users/leobardoenriquez/Library/TinyTeX/texmf-dist/tex/generic/iftex/ifxetex.s
ty
Package: ifxetex 2019/10/25 v0.7 ifxetex legacy package. Use iftex instead.

(/Users/leobardoenriquez/Library/TinyTeX/texmf-dist/tex/generic/iftex/iftex.sty
Package: iftex 2020/03/06 v1.0d TeX engine tests
))
(/Users/leobardoenriquez/Library/TinyTeX/texmf-dist/tex/generic/iftex/ifluatex.
sty
Package: ifluatex 2019/10/25 v1.5 ifluatex legacy package. Use iftex instead.
) (/Users/leobardoenriquez/Library/TinyTeX/texmf-dist/tex/latex/base/fontenc.st
y
Package: fontenc 2020/08/10 v2.0s Standard LaTeX package
LaTeX Font Info:    Trying to load font information for T1+lmr on input line 11
2.
(/Users/leobardoenriquez/Library/TinyTeX/texmf-dist/tex/latex/lm/t1lmr.fd
File: t1lmr.fd 2009/10/30 v1.6 Font defs for Latin Modern
))
(/Users/leobardoenriquez/Library/TinyTeX/texmf-dist/tex/latex/base/inputenc.sty
Package: inputenc 2020/08/01 v1.3d Input encoding file
\inpenc@prehook=\toks20
\inpenc@posthook=\toks21
)
(/Users/leobardoenriquez/Library/TinyTeX/texmf-dist/tex/latex/base/textcomp.sty
Package: textcomp 2020/02/02 v2.0n Standard LaTeX package
)
(/Users/leobardoenriquez/Library/TinyTeX/texmf-dist/tex/latex/amsfonts/amssymb.
sty
Package: amssymb 2013/01/14 v3.01 AMS font symbols

(/Users/leobardoenriquez/Library/TinyTeX/texmf-dist/tex/latex/amsfonts/amsfonts
.sty
Package: amsfonts 2013/01/14 v3.01 Basic AMSFonts support
\symAMSa=\mathgroup4
\symAMSb=\mathgroup5
LaTeX Font Info:    Redeclaring math symbol \hbar on input line 98.
LaTeX Font Info:    Overwriting math alphabet `\mathfrak' in version `bold'
(Font)                  U/euf/m/n --> U/euf/b/n on input line 106.
))
(/Users/leobardoenriquez/Library/TinyTeX/texmf-dist/tex/latex/xcolor/xcolor.sty
Package: xcolor 2016/05/11 v2.12 LaTeX color extensions (UK)

(/Users/leobardoenriquez/Library/TinyTeX/texmf-dist/tex/latex/graphics-cfg/colo
r.cfg
File: color.cfg 2016/01/02 v1.6 sample color configuration
)
Package xcolor Info: Driver file: pdftex.def on input line 225.

(/Users/leobardoenriquez/Library/TinyTeX/texmf-dist/tex/latex/graphics-def/pdft
ex.def
File: pdftex.def 2020/10/05 v1.2a Graphics/color driver for pdftex
)
Package xcolor Info: Model `cmy' substituted by `cmy0' on input line 1348.
Package xcolor Info: Model `hsb' substituted by `rgb' on input line 1352.
Package xcolor Info: Model `RGB' extended on input line 1364.
Package xcolor Info: Model `HTML' substituted by `rgb' on input line 1366.
Package xcolor Info: Model `Hsb' substituted by `hsb' on input line 1367.
Package xcolor Info: Model `tHsb' substituted by `hsb' on input line 1368.
Package xcolor Info: Model `HSB' substituted by `hsb' on input line 1369.
Package xcolor Info: Model `Gray' substituted by `gray' on input line 1370.
Package xcolor Info: Model `wave' substituted by `hsb' on input line 1371.
)
(/Users/leobardoenriquez/Library/TinyTeX/texmf-dist/tex/latex/hyperref/hyperref
.sty
Package: hyperref 2020-05-15 v7.00e Hypertext links for LaTeX

(/Users/leobardoenriquez/Library/TinyTeX/texmf-dist/tex/generic/ltxcmds/ltxcmds
.sty
Package: ltxcmds 2020-05-10 v1.25 LaTeX kernel commands for general use (HO)
)
(/Users/leobardoenriquez/Library/TinyTeX/texmf-dist/tex/generic/pdftexcmds/pdft
excmds.sty
Package: pdftexcmds 2020-06-27 v0.33 Utility functions of pdfTeX for LuaTeX (HO
)

(/Users/leobardoenriquez/Library/TinyTeX/texmf-dist/tex/generic/infwarerr/infwa
rerr.sty
Package: infwarerr 2019/12/03 v1.5 Providing info/warning/error messages (HO)
)
Package pdftexcmds Info: \pdf@primitive is available.
Package pdftexcmds Info: \pdf@ifprimitive is available.
Package pdftexcmds Info: \pdfdraftmode found.
)
(/Users/leobardoenriquez/Library/TinyTeX/texmf-dist/tex/latex/graphics/keyval.s
ty
Package: keyval 2014/10/28 v1.15 key=value parser (DPC)
\KV@toks@=\toks22
)
(/Users/leobardoenriquez/Library/TinyTeX/texmf-dist/tex/generic/kvsetkeys/kvset
keys.sty
Package: kvsetkeys 2019/12/15 v1.18 Key value parser (HO)
)
(/Users/leobardoenriquez/Library/TinyTeX/texmf-dist/tex/generic/kvdefinekeys/kv
definekeys.sty
Package: kvdefinekeys 2019-12-19 v1.6 Define keys (HO)
)
(/Users/leobardoenriquez/Library/TinyTeX/texmf-dist/tex/generic/pdfescape/pdfes
cape.sty
Package: pdfescape 2019/12/09 v1.15 Implements pdfTeX's escape features (HO)
)
(/Users/leobardoenriquez/Library/TinyTeX/texmf-dist/tex/latex/hycolor/hycolor.s
ty
Package: hycolor 2020-01-27 v1.10 Color options for hyperref/bookmark (HO)
)
(/Users/leobardoenriquez/Library/TinyTeX/texmf-dist/tex/latex/letltxmacro/letlt
xmacro.sty
Package: letltxmacro 2019/12/03 v1.6 Let assignment for LaTeX macros (HO)
)
(/Users/leobardoenriquez/Library/TinyTeX/texmf-dist/tex/latex/auxhook/auxhook.s
ty
Package: auxhook 2019-12-17 v1.6 Hooks for auxiliary files (HO)
)
(/Users/leobardoenriquez/Library/TinyTeX/texmf-dist/tex/latex/kvoptions/kvoptio
ns.sty
Package: kvoptions 2020-10-07 v3.14 Key value format for package options (HO)
)
\@linkdim=\dimen148
\Hy@linkcounter=\count197
\Hy@pagecounter=\count198

(/Users/leobardoenriquez/Library/TinyTeX/texmf-dist/tex/latex/hyperref/pd1enc.d
ef
File: pd1enc.def 2020-05-15 v7.00e Hyperref: PDFDocEncoding definition (HO)
Now handling font encoding PD1 ...
... no UTF-8 mapping file for font encoding PD1
)
(/Users/leobardoenriquez/Library/TinyTeX/texmf-dist/tex/generic/intcalc/intcalc
.sty
Package: intcalc 2019/12/15 v1.3 Expandable calculations with integers (HO)
)
(/Users/leobardoenriquez/Library/TinyTeX/texmf-dist/tex/generic/etexcmds/etexcm
ds.sty
Package: etexcmds 2019/12/15 v1.7 Avoid name clashes with e-TeX commands (HO)
)
\Hy@SavedSpaceFactor=\count199
Package hyperref Info: Option `unicode' set `true' on input line 4338.

(/Users/leobardoenriquez/Library/TinyTeX/texmf-dist/tex/latex/hyperref/puenc.de
f
File: puenc.def 2020-05-15 v7.00e Hyperref: PDF Unicode definition (HO)
Now handling font encoding PU ...
... no UTF-8 mapping file for font encoding PU
)
Package hyperref Info: Hyper figures OFF on input line 4464.
Package hyperref Info: Link nesting OFF on input line 4469.
Package hyperref Info: Hyper index ON on input line 4472.
Package hyperref Info: Plain pages OFF on input line 4479.
Package hyperref Info: Backreferencing OFF on input line 4484.
Package hyperref Info: Implicit mode ON; LaTeX internals redefined.
Package hyperref Info: Bookmarks ON on input line 4717.
\c@Hy@tempcnt=\count266
(/Users/leobardoenriquez/Library/TinyTeX/texmf-dist/tex/latex/url/url.sty
\Urlmuskip=\muskip17
Package: url 2013/09/16  ver 3.4  Verb mode for urls, etc.
)
LaTeX Info: Redefining \url on input line 5076.
\XeTeXLinkMargin=\dimen149

(/Users/leobardoenriquez/Library/TinyTeX/texmf-dist/tex/generic/bitset/bitset.s
ty
Package: bitset 2019/12/09 v1.3 Handle bit-vector datatype (HO)

(/Users/leobardoenriquez/Library/TinyTeX/texmf-dist/tex/generic/bigintcalc/bigi
ntcalc.sty
Package: bigintcalc 2019/12/15 v1.5 Expandable calculations on big integers (HO
)
))
\Fld@menulength=\count267
\Field@Width=\dimen150
\Fld@charsize=\dimen151
Package hyperref Info: Hyper figures OFF on input line 6347.
Package hyperref Info: Link nesting OFF on input line 6352.
Package hyperref Info: Hyper index ON on input line 6355.
Package hyperref Info: backreferencing OFF on input line 6362.
Package hyperref Info: Link coloring OFF on input line 6367.
Package hyperref Info: Link coloring with OCG OFF on input line 6372.
Package hyperref Info: PDF/A mode OFF on input line 6377.
LaTeX Info: Redefining \ref on input line 6417.
LaTeX Info: Redefining \pageref on input line 6421.

(/Users/leobardoenriquez/Library/TinyTeX/texmf-dist/tex/latex/base/atbegshi-ltx
.sty
Package: atbegshi-ltx 2020/08/17 v1.0a Emulation of the original atbegshi packa
ge
with kernel methods
)
\Hy@abspage=\count268
\c@Item=\count269
\c@Hfootnote=\count270
)
Package hyperref Info: Driver (autodetected): hpdftex.

(/Users/leobardoenriquez/Library/TinyTeX/texmf-dist/tex/latex/hyperref/hpdftex.
def
File: hpdftex.def 2020-05-15 v7.00e Hyperref driver for pdfTeX

(/Users/leobardoenriquez/Library/TinyTeX/texmf-dist/tex/latex/base/atveryend-lt
x.sty
Package: atveryend-ltx 2020/08/19 v1.0a Emulation of the original atvery packag
e
with kernel methods
)
\Fld@listcount=\count271
\c@bookmark@seq@number=\count272

(/Users/leobardoenriquez/Library/TinyTeX/texmf-dist/tex/latex/rerunfilecheck/re
runfilecheck.sty
Package: rerunfilecheck 2019/12/05 v1.9 Rerun checks for auxiliary files (HO)

(/Users/leobardoenriquez/Library/TinyTeX/texmf-dist/tex/generic/uniquecounter/u
niquecounter.sty
Package: uniquecounter 2019/12/15 v1.4 Provide unlimited unique counter (HO)
)
Package uniquecounter Info: New unique counter `rerunfilecheck' on input line 2
86.
)
\Hy@SectionHShift=\skip52
)
(/Users/leobardoenriquez/Library/TinyTeX/texmf-dist/tex/latex/geometry/geometry
.sty
Package: geometry 2020/01/02 v5.9 Page Geometry

(/Users/leobardoenriquez/Library/TinyTeX/texmf-dist/tex/generic/iftex/ifvtex.st
y
Package: ifvtex 2019/10/25 v1.7 ifvtex legacy package. Use iftex instead.
)
\Gm@cnth=\count273
\Gm@cntv=\count274
\c@Gm@tempcnt=\count275
\Gm@bindingoffset=\dimen152
\Gm@wd@mp=\dimen153
\Gm@odd@mp=\dimen154
\Gm@even@mp=\dimen155
\Gm@layoutwidth=\dimen156
\Gm@layoutheight=\dimen157
\Gm@layouthoffset=\dimen158
\Gm@layoutvoffset=\dimen159
\Gm@dimlist=\toks23
)
(/Users/leobardoenriquez/Library/TinyTeX/texmf-dist/tex/latex/graphics/graphicx
.sty
Package: graphicx 2020/09/09 v1.2b Enhanced LaTeX Graphics (DPC,SPQR)

(/Users/leobardoenriquez/Library/TinyTeX/texmf-dist/tex/latex/graphics/graphics
.sty
Package: graphics 2020/08/30 v1.4c Standard LaTeX Graphics (DPC,SPQR)

(/Users/leobardoenriquez/Library/TinyTeX/texmf-dist/tex/latex/graphics/trig.sty
Package: trig 2016/01/03 v1.10 sin cos tan (DPC)
)
(/Users/leobardoenriquez/Library/TinyTeX/texmf-dist/tex/latex/graphics-cfg/grap
hics.cfg
File: graphics.cfg 2016/06/04 v1.11 sample graphics configuration
)
Package graphics Info: Driver file: pdftex.def on input line 105.
)
\Gin@req@height=\dimen160
\Gin@req@width=\dimen161
)
(/Users/leobardoenriquez/Library/TinyTeX/texmf-dist/tex/generic/babel/babel.sty
Package: babel 2020/12/16 3.52 The Babel package

(/Users/leobardoenriquez/Library/TinyTeX/texmf-dist/tex/generic/babel/babel.def
File: babel.def 2020/12/16 3.52 Babel common definitions
\babel@savecnt=\count276
\U@D=\dimen162
\l@babelnohyphens=\language4

(/Users/leobardoenriquez/Library/TinyTeX/texmf-dist/tex/generic/babel/txtbabel.
def)
\bbl@readstream=\read2
)
\bbl@dirlevel=\count277

(/Users/leobardoenriquez/Library/TinyTeX/texmf-dist/tex/generic/babel-spanish/s
panish.ldf
Language: spanish.ldf 2016/03/03 v5.0p Spanish support from the babel system
\es@quottoks=\toks24
\es@quotdepth=\count278
Package babel Info: Making " an active character on input line 561.
Package babel Info: Making . an active character on input line 662.
Package babel Info: Making < an active character on input line 707.
Package babel Info: Making > an active character on input line 707.
))
(/Users/leobardoenriquez/Library/TinyTeX/texmf-dist/tex/latex/booktabs/booktabs
.sty
Package: booktabs 2020/01/12 v1.61803398 Publication quality tables
\heavyrulewidth=\dimen163
\lightrulewidth=\dimen164
\cmidrulewidth=\dimen165
\belowrulesep=\dimen166
\belowbottomsep=\dimen167
\aboverulesep=\dimen168
\abovetopsep=\dimen169
\cmidrulesep=\dimen170
\cmidrulekern=\dimen171
\defaultaddspace=\dimen172
\@cmidla=\count279
\@cmidlb=\count280
\@aboverulesep=\dimen173
\@belowrulesep=\dimen174
\@thisruleclass=\count281
\@lastruleclass=\count282
\@thisrulewidth=\dimen175
)
(/Users/leobardoenriquez/Library/TinyTeX/texmf-dist/tex/latex/tools/longtable.s
ty
Package: longtable 2020/01/07 v4.13 Multi-page Table package (DPC)
\LTleft=\skip53
\LTright=\skip54
\LTpre=\skip55
\LTpost=\skip56
\LTchunksize=\count283
\LTcapwidth=\dimen176
\LT@head=\box49
\LT@firsthead=\box50
\LT@foot=\box51
\LT@lastfoot=\box52
\LT@cols=\count284
\LT@rows=\count285
\c@LT@tables=\count286
\c@LT@chunks=\count287
\LT@p@ftn=\toks25
) (/Users/leobardoenriquez/Library/TinyTeX/texmf-dist/tex/latex/tools/array.sty
Package: array 2020/10/01 v2.5c Tabular extension package (FMi)
\col@sep=\dimen177
\ar@mcellbox=\box53
\extrarowheight=\dimen178
\NC@list=\toks26
\extratabsurround=\skip57
\backup@length=\skip58
\ar@cellbox=\box54
)
(/Users/leobardoenriquez/Library/TinyTeX/texmf-dist/tex/latex/multirow/multirow
.sty
Package: multirow 2021/01/02 v2.6 Span multiple rows of a table
\multirow@colwidth=\skip59
\multirow@cntb=\count288
\multirow@dima=\skip60
\bigstrutjot=\dimen179
)
(/Users/leobardoenriquez/Library/TinyTeX/texmf-dist/tex/latex/wrapfig/wrapfig.s
ty
\wrapoverhang=\dimen180
\WF@size=\dimen181
\c@WF@wrappedlines=\count289
\WF@box=\box55
\WF@everypar=\toks27
Package: wrapfig 2003/01/31  v 3.6
) (/Users/leobardoenriquez/Library/TinyTeX/texmf-dist/tex/latex/float/float.sty
Package: float 2001/11/08 v1.3d Float enhancements (AL)
\c@float@type=\count290
\float@exts=\toks28
\float@box=\box56
\@float@everytoks=\toks29
\@floatcapt=\box57
)
(/Users/leobardoenriquez/Library/TinyTeX/texmf-dist/tex/latex/colortbl/colortbl
.sty
Package: colortbl 2020/01/04 v1.0e Color table columns (DPC)
\everycr=\toks30
\minrowclearance=\skip61
)
(/Users/leobardoenriquez/Library/TinyTeX/texmf-dist/tex/latex/pdflscape/pdflsca
pe.sty
Package: pdflscape 2019/12/05 v0.12 Display of landscape pages in PDF (HO)

(/Users/leobardoenriquez/Library/TinyTeX/texmf-dist/tex/latex/graphics/lscape.s
ty
Package: lscape 2020/05/28 v3.02 Landscape Pages (DPC)
)
Package pdflscape Info: Auto-detected driver: pdftex on input line 81.
) (/Users/leobardoenriquez/Library/TinyTeX/texmf-dist/tex/latex/tabu/tabu.sty
Package: tabu 2019/01/11 v2.9 - flexible LaTeX tabulars (FC+tabu-fixed)

(/Users/leobardoenriquez/Library/TinyTeX/texmf-dist/tex/latex/varwidth/varwidth
.sty
Package: varwidth 2009/03/30 ver 0.92;  Variable-width minipages
\@vwid@box=\box58
\sift@deathcycles=\count291
\@vwid@loff=\dimen182
\@vwid@roff=\dimen183
)
\c@taburow=\count292
\tabu@nbcols=\count293
\tabu@cnt=\count294
\tabu@Xcol=\count295
\tabu@alloc=\count296
\tabu@nested=\count297
\tabu@target=\dimen184
\tabu@spreadtarget=\dimen185
\tabu@naturalX=\dimen186
\tabucolX=\dimen187
\tabu@Xsum=\dimen188
\extrarowdepth=\dimen189
\abovetabulinesep=\dimen190
\belowtabulinesep=\dimen191
\tabustrutrule=\dimen192
\tabu@thebody=\toks31
\tabu@footnotes=\toks32
\tabu@box=\box59
\tabu@arstrutbox=\box60
\tabu@hleads=\box61
\tabu@vleads=\box62
\tabu@cellskip=\skip62
)
(/Users/leobardoenriquez/Library/TinyTeX/texmf-dist/tex/latex/threeparttable/th
reeparttable.sty
Package: threeparttable 2003/06/13  v 3.0
\@tempboxb=\box63
)
(/Users/leobardoenriquez/Library/TinyTeX/texmf-dist/tex/latex/threeparttablex/t
hreeparttablex.sty
Package: threeparttablex 2013/07/23 v0.3 by daleif

(/Users/leobardoenriquez/Library/TinyTeX/texmf-dist/tex/latex/environ/environ.s
ty
Package: environ 2014/05/04 v0.3 A new way to define environments

(/Users/leobardoenriquez/Library/TinyTeX/texmf-dist/tex/latex/trimspaces/trimsp
aces.sty
Package: trimspaces 2009/09/17 v1.1 Trim spaces around a token list
))
\TPTL@width=\skip63
) (/Users/leobardoenriquez/Library/TinyTeX/texmf-dist/tex/generic/ulem/ulem.sty
\UL@box=\box64
\UL@hyphenbox=\box65
\UL@skip=\skip64
\UL@hook=\toks33
\UL@height=\dimen193
\UL@pe=\count298
\UL@pixel=\dimen194
\ULC@box=\box66
Package: ulem 2019/11/18
\ULdepth=\dimen195
)
(/Users/leobardoenriquez/Library/TinyTeX/texmf-dist/tex/latex/makecell/makecell
.sty
Package: makecell 2009/08/03 V0.1e Managing of Tab Column Heads and Cells
\rotheadsize=\dimen196
\c@nlinenum=\count299
\TeXr@lab=\toks34
)
(/Users/leobardoenriquez/Library/TinyTeX/texmf-dist/tex/latex/l3backend/l3backe
nd-pdftex.def
File: l3backend-pdftex.def 2021-01-09 L3 backend support: PDF output (pdfTeX)
\l__kernel_color_stack_int=\count300
\l__pdf_internal_box=\box67
) (./Tarea_1_Macroeconomía.aux
LaTeX Info: Redefining \. on input line 25.
LaTeX Info: Redefining \% on input line 25.

LaTeX Warning: Label `' multiply defined.


LaTeX Warning: Label `' multiply defined.


LaTeX Warning: Label `' multiply defined.


LaTeX Warning: Label `' multiply defined.


LaTeX Warning: Label `' multiply defined.

)
\openout1 = `Tarea_1_Macroeconomía.aux'.

LaTeX Font Info:    Checking defaults for OML/cmm/m/it on input line 89.
LaTeX Font Info:    ... okay on input line 89.
LaTeX Font Info:    Checking defaults for OMS/cmsy/m/n on input line 89.
LaTeX Font Info:    ... okay on input line 89.
LaTeX Font Info:    Checking defaults for OT1/cmr/m/n on input line 89.
LaTeX Font Info:    ... okay on input line 89.
LaTeX Font Info:    Checking defaults for T1/cmr/m/n on input line 89.
LaTeX Font Info:    ... okay on input line 89.
LaTeX Font Info:    Checking defaults for TS1/cmr/m/n on input line 89.
LaTeX Font Info:    ... okay on input line 89.
LaTeX Font Info:    Checking defaults for OMX/cmex/m/n on input line 89.
LaTeX Font Info:    ... okay on input line 89.
LaTeX Font Info:    Checking defaults for U/cmr/m/n on input line 89.
LaTeX Font Info:    ... okay on input line 89.
LaTeX Font Info:    Checking defaults for PD1/pdf/m/n on input line 89.
LaTeX Font Info:    ... okay on input line 89.
LaTeX Font Info:    Checking defaults for PU/pdf/m/n on input line 89.
LaTeX Font Info:    ... okay on input line 89.

(/Users/leobardoenriquez/Library/TinyTeX/texmf-dist/tex/latex/epstopdf-pkg/epst
opdf-base.sty
Package: epstopdf-base 2020-01-24 v2.11 Base part for package epstopdf
Package epstopdf-base Info: Redefining graphics rule for `.eps' on input line 4
85.

(/Users/leobardoenriquez/Library/TinyTeX/texmf-dist/tex/latex/latexconfig/epsto
pdf-sys.cfg
File: epstopdf-sys.cfg 2010/07/13 v1.3 Configuration of (r)epstopdf for TeX Liv
e
))
Package hyperref Info: Link coloring OFF on input line 89.

(/Users/leobardoenriquez/Library/TinyTeX/texmf-dist/tex/latex/hyperref/nameref.
sty
Package: nameref 2019/09/16 v2.46 Cross-referencing by name of section

(/Users/leobardoenriquez/Library/TinyTeX/texmf-dist/tex/latex/refcount/refcount
.sty
Package: refcount 2019/12/15 v3.6 Data extraction from label references (HO)
)
(/Users/leobardoenriquez/Library/TinyTeX/texmf-dist/tex/generic/gettitlestring/
gettitlestring.sty
Package: gettitlestring 2019/12/15 v1.6 Cleanup title references (HO)
)
\c@section@level=\count301
)
LaTeX Info: Redefining \ref on input line 89.
LaTeX Info: Redefining \pageref on input line 89.
LaTeX Info: Redefining \nameref on input line 89.
(./Tarea_1_Macroeconomía.out) (./Tarea_1_Macroeconomía.out)
\@outlinefile=\write3
\openout3 = `Tarea_1_Macroeconomía.out'.

*geometry* driver: auto-detecting
*geometry* detected driver: pdftex
*geometry* verbose mode - [ preamble ] result:
* driver: pdftex
* paper: <default>
* layout: <same size as paper>
* layoutoffset:(h,v)=(0.0pt,0.0pt)
* modes: 
* h-part:(L,W,R)=(72.26999pt, 469.75502pt, 72.26999pt)
* v-part:(T,H,B)=(72.26999pt, 650.43001pt, 72.26999pt)
* \paperwidth=614.295pt
* \paperheight=794.96999pt
* \textwidth=469.75502pt
* \textheight=650.43001pt
* \oddsidemargin=0.0pt
* \evensidemargin=0.0pt
* \topmargin=-37.0pt
* \headheight=12.0pt
* \headsep=25.0pt
* \topskip=10.0pt
* \footskip=30.0pt
* \marginparwidth=65.0pt
* \marginparsep=11.0pt
* \columnsep=10.0pt
* \skip\footins=9.0pt plus 4.0pt minus 2.0pt
* \hoffset=0.0pt
* \voffset=0.0pt
* \mag=1000
* \@twocolumnfalse
* \@twosidefalse
* \@mparswitchfalse
* \@reversemarginfalse
* (1in=72.27pt=25.4mm, 1cm=28.453pt)

LaTeX Info: Redefining \. on input line 89.
LaTeX Info: Redefining \% on input line 89.
LaTeX Font Info:    Trying to load font information for OT1+lmr on input line 9
1.
(/Users/leobardoenriquez/Library/TinyTeX/texmf-dist/tex/latex/lm/ot1lmr.fd
File: ot1lmr.fd 2009/10/30 v1.6 Font defs for Latin Modern
)
LaTeX Font Info:    Trying to load font information for OML+lmm on input line 9
1.
(/Users/leobardoenriquez/Library/TinyTeX/texmf-dist/tex/latex/lm/omllmm.fd
File: omllmm.fd 2009/10/30 v1.6 Font defs for Latin Modern
)
LaTeX Font Info:    Trying to load font information for OMS+lmsy on input line 
91.
(/Users/leobardoenriquez/Library/TinyTeX/texmf-dist/tex/latex/lm/omslmsy.fd
File: omslmsy.fd 2009/10/30 v1.6 Font defs for Latin Modern
)
LaTeX Font Info:    Trying to load font information for OMX+lmex on input line 
91.
(/Users/leobardoenriquez/Library/TinyTeX/texmf-dist/tex/latex/lm/omxlmex.fd
File: omxlmex.fd 2009/10/30 v1.6 Font defs for Latin Modern
)
LaTeX Font Info:    External font `lmex10' loaded for size
(Font)              <12> on input line 91.
LaTeX Font Info:    External font `lmex10' loaded for size
(Font)              <8> on input line 91.
LaTeX Font Info:    External font `lmex10' loaded for size
(Font)              <6> on input line 91.
LaTeX Font Info:    Trying to load font information for U+msa on input line 91.

(/Users/leobardoenriquez/Library/TinyTeX/texmf-dist/tex/latex/amsfonts/umsa.fd
File: umsa.fd 2013/01/14 v3.01 AMS symbols A
)
LaTeX Font Info:    Trying to load font information for U+msb on input line 91.

(/Users/leobardoenriquez/Library/TinyTeX/texmf-dist/tex/latex/amsfonts/umsb.fd
File: umsb.fd 2013/01/14 v3.01 AMS symbols B
) (./Tarea_1_Macroeconomía.toc
LaTeX Info: Redefining \. on input line 1.
LaTeX Info: Redefining \% on input line 1.
LaTeX Font Info:    External font `lmex10' loaded for size
(Font)              <10> on input line 4.
LaTeX Font Info:    External font `lmex10' loaded for size
(Font)              <7> on input line 4.
LaTeX Font Info:    External font `lmex10' loaded for size
(Font)              <5> on input line 4.
[1

{/Users/leobardoenriquez/Library/TinyTeX/texmf-var/fonts/map/pdftex/updmap/pdft
ex.map}])
\tf@toc=\write4
\openout4 = `Tarea_1_Macroeconomía.toc'.

LaTeX Font Info:    Trying to load font information for T1+lmtt on input line 9
6.
(/Users/leobardoenriquez/Library/TinyTeX/texmf-dist/tex/latex/lm/t1lmtt.fd
File: t1lmtt.fd 2009/10/30 v1.6 Font defs for Latin Modern
)
Overfull \hbox (86.74336pt too wide) in paragraph at lines 110--110
[]\T1/lmtt/m/n/10 ## Warning in pacman::p_load(tidyverse, kableExtra, ggplot2, 
cowplot, stargazer, : Failed to install/load:[] 
 []

[2] [3] [4] [5] [6] [7]pdfTeX warning (ext4): destination with the same identif
ier (name{equation.0.1}) has been already used, duplicate ignored
<to be read again> 
                   \relax 
l.419 \begin{equation}
                      pdfTeX warning (ext4): destination with the same identifi
er (name{equation.0.1}) has been already used, duplicate ignored
<to be read again> 
                   \relax 
l.419 \begin{equation}
                      pdfTeX warning (ext4): destination with the same identifi
er (name{equation.0.1}) has been already used, duplicate ignored
<to be read again> 
                   \relax 
l.419 \begin{equation}
                      pdfTeX warning (ext4): destination with the same identifi
er (name{equation.0.1}) has been already used, duplicate ignored
<to be read again> 
                   \relax 
l.419 \begin{equation}
                      pdfTeX warning (ext4): destination with the same identifi
er (name{equation.0.2}) has been already used, duplicate ignored
<to be read again> 
                   \relax 
l.430 \begin{equation}
                      pdfTeX warning (ext4): destination with the same identifi
er (name{equation.0.2}) has been already used, duplicate ignored
<to be read again> 
                   \relax 
l.430 \begin{equation}
                      pdfTeX warning (ext4): destination with the same identifi
er (name{equation.0.2}) has been already used, duplicate ignored
<to be read again> 
                   \relax 
l.430 \begin{equation}
                      pdfTeX warning (ext4): destination with the same identifi
er (name{equation.0.2}) has been already used, duplicate ignored
<to be read again> 
                   \relax 
l.430 \begin{equation}
                      pdfTeX warning (ext4): destination with the same identifi
er (name{equation.0.3}) has been already used, duplicate ignored
<to be read again> 
                   \relax 
l.442 \begin{equation}
                      pdfTeX warning (ext4): destination with the same identifi
er (name{equation.0.3}) has been already used, duplicate ignored
<to be read again> 
                   \relax 
l.442 \begin{equation}
                      pdfTeX warning (ext4): destination with the same identifi
er (name{equation.0.3}) has been already used, duplicate ignored
<to be read again> 
                   \relax 
l.442 \begin{equation}
                      pdfTeX warning (ext4): destination with the same identifi
er (name{equation.0.3}) has been already used, duplicate ignored
<to be read again> 
                   \relax 
l.442 \begin{equation}
                      pdfTeX warning (ext4): destination with the same identifi
er (name{equation.0.4}) has been already used, duplicate ignored
<to be read again> 
                   \relax 
l.457 \begin{equation}
                      pdfTeX warning (ext4): destination with the same identifi
er (name{equation.0.4}) has been already used, duplicate ignored
<to be read again> 
                   \relax 
l.457 \begin{equation}
                      pdfTeX warning (ext4): destination with the same identifi
er (name{equation.0.4}) has been already used, duplicate ignored
<to be read again> 
                   \relax 
l.457 \begin{equation}
                      pdfTeX warning (ext4): destination with the same identifi
er (name{equation.0.4}) has been already used, duplicate ignored
<to be read again> 
                   \relax 
l.457 \begin{equation}
                       [8]pdfTeX warning (ext4): destination with the same iden
tifier (name{equation.0.1}) has been already used, duplicate ignored
<to be read again> 
                   \relax 
l.477 \begin{equation}
                      pdfTeX warning (ext4): destination with the same identifi
er (name{equation.0.1}) has been already used, duplicate ignored
<to be read again> 
                   \relax 
l.477 \begin{equation}
                      pdfTeX warning (ext4): destination with the same identifi
er (name{equation.0.1}) has been already used, duplicate ignored
<to be read again> 
                   \relax 
l.477 \begin{equation}
                      pdfTeX warning (ext4): destination with the same identifi
er (name{equation.0.1}) has been already used, duplicate ignored
<to be read again> 
                   \relax 
l.477 \begin{equation}
                      pdfTeX warning (ext4): destination with the same identifi
er (name{equation.0.2}) has been already used, duplicate ignored
<to be read again> 
                   \relax 
l.483 \begin{equation}
                      pdfTeX warning (ext4): destination with the same identifi
er (name{equation.0.2}) has been already used, duplicate ignored
<to be read again> 
                   \relax 
l.483 \begin{equation}
                      pdfTeX warning (ext4): destination with the same identifi
er (name{equation.0.2}) has been already used, duplicate ignored
<to be read again> 
                   \relax 
l.483 \begin{equation}
                      pdfTeX warning (ext4): destination with the same identifi
er (name{equation.0.2}) has been already used, duplicate ignored
<to be read again> 
                   \relax 
l.483 \begin{equation}
                      pdfTeX warning (ext4): destination with the same identifi
er (name{equation.0.3}) has been already used, duplicate ignored
<to be read again> 
                   \relax 
l.490 \begin{equation}
                      pdfTeX warning (ext4): destination with the same identifi
er (name{equation.0.3}) has been already used, duplicate ignored
<to be read again> 
                   \relax 
l.490 \begin{equation}
                      pdfTeX warning (ext4): destination with the same identifi
er (name{equation.0.3}) has been already used, duplicate ignored
<to be read again> 
                   \relax 
l.490 \begin{equation}
                      pdfTeX warning (ext4): destination with the same identifi
er (name{equation.0.3}) has been already used, duplicate ignored
<to be read again> 
                   \relax 
l.490 \begin{equation}
                      pdfTeX warning (ext4): destination with the same identifi
er (name{equation.0.4}) has been already used, duplicate ignored
<to be read again> 
                   \relax 
l.496 \begin{equation}
                      pdfTeX warning (ext4): destination with the same identifi
er (name{equation.0.4}) has been already used, duplicate ignored
<to be read again> 
                   \relax 
l.496 \begin{equation}
                      pdfTeX warning (ext4): destination with the same identifi
er (name{equation.0.4}) has been already used, duplicate ignored
<to be read again> 
                   \relax 
l.496 \begin{equation}
                      pdfTeX warning (ext4): destination with the same identifi
er (name{equation.0.4}) has been already used, duplicate ignored
<to be read again> 
                   \relax 
l.496 \begin{equation}
                      pdfTeX warning (ext4): destination with the same identifi
er (name{equation.0.5}) has been already used, duplicate ignored
<to be read again> 
                   \relax 
l.504 \begin{equation}
                      pdfTeX warning (ext4): destination with the same identifi
er (name{equation.0.5}) has been already used, duplicate ignored
<to be read again> 
                   \relax 
l.504 \begin{equation}
                      pdfTeX warning (ext4): destination with the same identifi
er (name{equation.0.5}) has been already used, duplicate ignored
<to be read again> 
                   \relax 
l.504 \begin{equation}
                      pdfTeX warning (ext4): destination with the same identifi
er (name{equation.0.5}) has been already used, duplicate ignored
<to be read again> 
                   \relax 
l.504 \begin{equation}
                      pdfTeX warning (ext4): destination with the same identifi
er (name{equation.0.6}) has been already used, duplicate ignored
<to be read again> 
                   \relax 
l.510 \begin{equation}
                      pdfTeX warning (ext4): destination with the same identifi
er (name{equation.0.6}) has been already used, duplicate ignored
<to be read again> 
                   \relax 
l.510 \begin{equation}
                      pdfTeX warning (ext4): destination with the same identifi
er (name{equation.0.6}) has been already used, duplicate ignored
<to be read again> 
                   \relax 
l.510 \begin{equation}
                      pdfTeX warning (ext4): destination with the same identifi
er (name{equation.0.6}) has been already used, duplicate ignored
<to be read again> 
                   \relax 
l.510 \begin{equation}
                      pdfTeX warning (ext4): destination with the same identifi
er (name{equation.0.7}) has been already used, duplicate ignored
<to be read again> 
                   \relax 
l.517 \begin{equation}
                      pdfTeX warning (ext4): destination with the same identifi
er (name{equation.0.7}) has been already used, duplicate ignored
<to be read again> 
                   \relax 
l.517 \begin{equation}
                      pdfTeX warning (ext4): destination with the same identifi
er (name{equation.0.7}) has been already used, duplicate ignored
<to be read again> 
                   \relax 
l.517 \begin{equation}
                      pdfTeX warning (ext4): destination with the same identifi
er (name{equation.0.7}) has been already used, duplicate ignored
<to be read again> 
                   \relax 
l.517 \begin{equation}
                      pdfTeX warning (ext4): destination with the same identifi
er (name{equation.0.8}) has been already used, duplicate ignored
<to be read again> 
                   \relax 
l.524 \begin{equation}
                      pdfTeX warning (ext4): destination with the same identifi
er (name{equation.0.8}) has been already used, duplicate ignored
<to be read again> 
                   \relax 
l.524 \begin{equation}
                      pdfTeX warning (ext4): destination with the same identifi
er (name{equation.0.8}) has been already used, duplicate ignored
<to be read again> 
                   \relax 
l.524 \begin{equation}
                      pdfTeX warning (ext4): destination with the same identifi
er (name{equation.0.8}) has been already used, duplicate ignored
<to be read again> 
                   \relax 
l.524 \begin{equation}
                       [9]pdfTeX warning (ext4): destination with the same iden
tifier (name{equation.0.1}) has been already used, duplicate ignored
<to be read again> 
                   \relax 
l.553 \begin{equation}
                      pdfTeX warning (ext4): destination with the same identifi
er (name{equation.0.1}) has been already used, duplicate ignored
<to be read again> 
                   \relax 
l.553 \begin{equation}
                      pdfTeX warning (ext4): destination with the same identifi
er (name{equation.0.1}) has been already used, duplicate ignored
<to be read again> 
                   \relax 
l.553 \begin{equation}
                      pdfTeX warning (ext4): destination with the same identifi
er (name{equation.0.1}) has been already used, duplicate ignored
<to be read again> 
                   \relax 
l.553 \begin{equation}
                      pdfTeX warning (ext4): destination with the same identifi
er (name{equation.0.2}) has been already used, duplicate ignored
<to be read again> 
                   \relax 
l.565 \begin{equation}
                      pdfTeX warning (ext4): destination with the same identifi
er (name{equation.0.2}) has been already used, duplicate ignored
<to be read again> 
                   \relax 
l.565 \begin{equation}
                      pdfTeX warning (ext4): destination with the same identifi
er (name{equation.0.2}) has been already used, duplicate ignored
<to be read again> 
                   \relax 
l.565 \begin{equation}
                      pdfTeX warning (ext4): destination with the same identifi
er (name{equation.0.2}) has been already used, duplicate ignored
<to be read again> 
                   \relax 
l.565 \begin{equation}
                      pdfTeX warning (ext4): destination with the same identifi
er (name{equation.0.3}) has been already used, duplicate ignored
<to be read again> 
                   \relax 
l.575 \begin{equation}
                      pdfTeX warning (ext4): destination with the same identifi
er (name{equation.0.3}) has been already used, duplicate ignored
<to be read again> 
                   \relax 
l.575 \begin{equation}
                      pdfTeX warning (ext4): destination with the same identifi
er (name{equation.0.3}) has been already used, duplicate ignored
<to be read again> 
                   \relax 
l.575 \begin{equation}
                      pdfTeX warning (ext4): destination with the same identifi
er (name{equation.0.3}) has been already used, duplicate ignored
<to be read again> 
                   \relax 
l.575 \begin{equation}
                      pdfTeX warning (ext4): destination with the same identifi
er (name{equation.0.4}) has been already used, duplicate ignored
<to be read again> 
                   \relax 
l.587 \begin{equation}
                      pdfTeX warning (ext4): destination with the same identifi
er (name{equation.0.4}) has been already used, duplicate ignored
<to be read again> 
                   \relax 
l.587 \begin{equation}
                      pdfTeX warning (ext4): destination with the same identifi
er (name{equation.0.4}) has been already used, duplicate ignored
<to be read again> 
                   \relax 
l.587 \begin{equation}
                      pdfTeX warning (ext4): destination with the same identifi
er (name{equation.0.4}) has been already used, duplicate ignored
<to be read again> 
                   \relax 
l.587 \begin{equation}
                      pdfTeX warning (ext4): destination with the same identifi
er (name{equation.0.5}) has been already used, duplicate ignored
<to be read again> 
                   \relax 
l.595 \begin{equation}
                      pdfTeX warning (ext4): destination with the same identifi
er (name{equation.0.5}) has been already used, duplicate ignored
<to be read again> 
                   \relax 
l.595 \begin{equation}
                      pdfTeX warning (ext4): destination with the same identifi
er (name{equation.0.5}) has been already used, duplicate ignored
<to be read again> 
                   \relax 
l.595 \begin{equation}
                      pdfTeX warning (ext4): destination with the same identifi
er (name{equation.0.5}) has been already used, duplicate ignored
<to be read again> 
                   \relax 
l.595 \begin{equation}
                      pdfTeX warning (ext4): destination with the same identifi
er (name{equation.0.6}) has been already used, duplicate ignored
<to be read again> 
                   \relax 
l.599 \begin{equation}
                      pdfTeX warning (ext4): destination with the same identifi
er (name{equation.0.6}) has been already used, duplicate ignored
<to be read again> 
                   \relax 
l.599 \begin{equation}
                      pdfTeX warning (ext4): destination with the same identifi
er (name{equation.0.6}) has been already used, duplicate ignored
<to be read again> 
                   \relax 
l.599 \begin{equation}
                      pdfTeX warning (ext4): destination with the same identifi
er (name{equation.0.6}) has been already used, duplicate ignored
<to be read again> 
                   \relax 
l.599 \begin{equation}
                      pdfTeX warning (ext4): destination with the same identifi
er (name{equation.0.7}) has been already used, duplicate ignored
<to be read again> 
                   \relax 
l.614 ...ados de la ecuación (6) \begin{equation}
                                                  pdfTeX warning (ext4): destin
ation with the same identifier (name{equation.0.7}) has been already used, dupl
icate ignored
<to be read again> 
                   \relax 
l.614 ...ados de la ecuación (6) \begin{equation}
                                                  pdfTeX warning (ext4): destin
ation with the same identifier (name{equation.0.7}) has been already used, dupl
icate ignored
<to be read again> 
                   \relax 
l.614 ...ados de la ecuación (6) \begin{equation}
                                                  pdfTeX warning (ext4): destin
ation with the same identifier (name{equation.0.7}) has been already used, dupl
icate ignored
<to be read again> 
                   \relax 
l.614 ...ados de la ecuación (6) \begin{equation}
                                                  pdfTeX warning (ext4): destin
ation with the same identifier (name{equation.0.8}) has been already used, dupl
icate ignored
<to be read again> 
                   \relax 
l.618 \begin{equation}
                      pdfTeX warning (ext4): destination with the same identifi
er (name{equation.0.8}) has been already used, duplicate ignored
<to be read again> 
                   \relax 
l.618 \begin{equation}
                      pdfTeX warning (ext4): destination with the same identifi
er (name{equation.0.8}) has been already used, duplicate ignored
<to be read again> 
                   \relax 
l.618 \begin{equation}
                      pdfTeX warning (ext4): destination with the same identifi
er (name{equation.0.8}) has been already used, duplicate ignored
<to be read again> 
                   \relax 
l.618 \begin{equation}
                       [10]pdfTeX warning (ext4): destination with the same ide
ntifier (name{equation.0.9}) has been already used, duplicate ignored
<to be read again> 
                   \relax 
l.624 \begin{equation}
                      pdfTeX warning (ext4): destination with the same identifi
er (name{equation.0.9}) has been already used, duplicate ignored
<to be read again> 
                   \relax 
l.624 \begin{equation}
                      pdfTeX warning (ext4): destination with the same identifi
er (name{equation.0.9}) has been already used, duplicate ignored
<to be read again> 
                   \relax 
l.624 \begin{equation}
                      pdfTeX warning (ext4): destination with the same identifi
er (name{equation.0.9}) has been already used, duplicate ignored
<to be read again> 
                   \relax 
l.624 \begin{equation}
                      pdfTeX warning (ext4): destination with the same identifi
er (name{equation.0.10}) has been already used, duplicate ignored
<to be read again> 
                   \relax 
l.632 \begin{equation}
                      pdfTeX warning (ext4): destination with the same identifi
er (name{equation.0.10}) has been already used, duplicate ignored
<to be read again> 
                   \relax 
l.632 \begin{equation}
                      pdfTeX warning (ext4): destination with the same identifi
er (name{equation.0.10}) has been already used, duplicate ignored
<to be read again> 
                   \relax 
l.632 \begin{equation}
                      pdfTeX warning (ext4): destination with the same identifi
er (name{equation.0.10}) has been already used, duplicate ignored
<to be read again> 
                   \relax 
l.632 \begin{equation}
                      pdfTeX warning (ext4): destination with the same identifi
er (name{equation.0.11}) has been already used, duplicate ignored
<to be read again> 
                   \relax 
l.646 \begin{equation}
                      pdfTeX warning (ext4): destination with the same identifi
er (name{equation.0.11}) has been already used, duplicate ignored
<to be read again> 
                   \relax 
l.646 \begin{equation}
                      pdfTeX warning (ext4): destination with the same identifi
er (name{equation.0.11}) has been already used, duplicate ignored
<to be read again> 
                   \relax 
l.646 \begin{equation}
                      pdfTeX warning (ext4): destination with the same identifi
er (name{equation.0.11}) has been already used, duplicate ignored
<to be read again> 
                   \relax 
l.646 \begin{equation}
                      pdfTeX warning (ext4): destination with the same identifi
er (name{equation.0.12}) has been already used, duplicate ignored
<to be read again> 
                   \relax 
l.650 \begin{equation}
                      pdfTeX warning (ext4): destination with the same identifi
er (name{equation.0.12}) has been already used, duplicate ignored
<to be read again> 
                   \relax 
l.650 \begin{equation}
                      pdfTeX warning (ext4): destination with the same identifi
er (name{equation.0.12}) has been already used, duplicate ignored
<to be read again> 
                   \relax 
l.650 \begin{equation}
                      pdfTeX warning (ext4): destination with the same identifi
er (name{equation.0.12}) has been already used, duplicate ignored
<to be read again> 
                   \relax 
l.650 \begin{equation}
                      pdfTeX warning (ext4): destination with the same identifi
er (name{equation.0.13}) has been already used, duplicate ignored
<to be read again> 
                   \relax 
l.656 \begin{equation}
                      pdfTeX warning (ext4): destination with the same identifi
er (name{equation.0.13}) has been already used, duplicate ignored
<to be read again> 
                   \relax 
l.656 \begin{equation}
                      pdfTeX warning (ext4): destination with the same identifi
er (name{equation.0.13}) has been already used, duplicate ignored
<to be read again> 
                   \relax 
l.656 \begin{equation}
                      pdfTeX warning (ext4): destination with the same identifi
er (name{equation.0.13}) has been already used, duplicate ignored
<to be read again> 
                   \relax 
l.656 \begin{equation}
                      pdfTeX warning (ext4): destination with the same identifi
er (name{equation.0.14}) has been already used, duplicate ignored
<to be read again> 
                   \relax 
l.667 \begin{equation}
                      pdfTeX warning (ext4): destination with the same identifi
er (name{equation.0.14}) has been already used, duplicate ignored
<to be read again> 
                   \relax 
l.667 \begin{equation}
                      pdfTeX warning (ext4): destination with the same identifi
er (name{equation.0.14}) has been already used, duplicate ignored
<to be read again> 
                   \relax 
l.667 \begin{equation}
                      pdfTeX warning (ext4): destination with the same identifi
er (name{equation.0.14}) has been already used, duplicate ignored
<to be read again> 
                   \relax 
l.667 \begin{equation}
                      pdfTeX warning (ext4): destination with the same identifi
er (name{equation.0.15}) has been already used, duplicate ignored
<to be read again> 
                   \relax 
l.671 \begin{equation}
                      pdfTeX warning (ext4): destination with the same identifi
er (name{equation.0.15}) has been already used, duplicate ignored
<to be read again> 
                   \relax 
l.671 \begin{equation}
                      pdfTeX warning (ext4): destination with the same identifi
er (name{equation.0.15}) has been already used, duplicate ignored
<to be read again> 
                   \relax 
l.671 \begin{equation}
                      pdfTeX warning (ext4): destination with the same identifi
er (name{equation.0.15}) has been already used, duplicate ignored
<to be read again> 
                   \relax 
l.671 \begin{equation}
                      pdfTeX warning (ext4): destination with the same identifi
er (name{equation.0.16}) has been already used, duplicate ignored
<to be read again> 
                   \relax 
l.682 \begin{equation}
                      pdfTeX warning (ext4): destination with the same identifi
er (name{equation.0.16}) has been already used, duplicate ignored
<to be read again> 
                   \relax 
l.682 \begin{equation}
                      pdfTeX warning (ext4): destination with the same identifi
er (name{equation.0.16}) has been already used, duplicate ignored
<to be read again> 
                   \relax 
l.682 \begin{equation}
                      pdfTeX warning (ext4): destination with the same identifi
er (name{equation.0.16}) has been already used, duplicate ignored
<to be read again> 
                   \relax 
l.682 \begin{equation}
                       [11]pdfTeX warning (ext4): destination with the same ide
ntifier (name{equation.0.17}) has been already used, duplicate ignored
<to be read again> 
                   \relax 
l.700 \begin{equation}
                      pdfTeX warning (ext4): destination with the same identifi
er (name{equation.0.17}) has been already used, duplicate ignored
<to be read again> 
                   \relax 
l.700 \begin{equation}
                      pdfTeX warning (ext4): destination with the same identifi
er (name{equation.0.17}) has been already used, duplicate ignored
<to be read again> 
                   \relax 
l.700 \begin{equation}
                      pdfTeX warning (ext4): destination with the same identifi
er (name{equation.0.17}) has been already used, duplicate ignored
<to be read again> 
                   \relax 
l.700 \begin{equation}
                      pdfTeX warning (ext4): destination with the same identifi
er (name{equation.0.18}) has been already used, duplicate ignored
<to be read again> 
                   \relax 
l.711 \begin{equation}
                      pdfTeX warning (ext4): destination with the same identifi
er (name{equation.0.18}) has been already used, duplicate ignored
<to be read again> 
                   \relax 
l.711 \begin{equation}
                      pdfTeX warning (ext4): destination with the same identifi
er (name{equation.0.18}) has been already used, duplicate ignored
<to be read again> 
                   \relax 
l.711 \begin{equation}
                      pdfTeX warning (ext4): destination with the same identifi
er (name{equation.0.18}) has been already used, duplicate ignored
<to be read again> 
                   \relax 
l.711 \begin{equation}
                      pdfTeX warning (ext4): destination with the same identifi
er (name{equation.0.19}) has been already used, duplicate ignored
<to be read again> 
                   \relax 
l.722 \begin{equation}
                      pdfTeX warning (ext4): destination with the same identifi
er (name{equation.0.19}) has been already used, duplicate ignored
<to be read again> 
                   \relax 
l.722 \begin{equation}
                      pdfTeX warning (ext4): destination with the same identifi
er (name{equation.0.19}) has been already used, duplicate ignored
<to be read again> 
                   \relax 
l.722 \begin{equation}
                      pdfTeX warning (ext4): destination with the same identifi
er (name{equation.0.19}) has been already used, duplicate ignored
<to be read again> 
                   \relax 
l.722 \begin{equation}
                      pdfTeX warning (ext4): destination with the same identifi
er (name{equation.0.20}) has been already used, duplicate ignored
<to be read again> 
                   \relax 
l.730 \begin{equation}
                      pdfTeX warning (ext4): destination with the same identifi
er (name{equation.0.20}) has been already used, duplicate ignored
<to be read again> 
                   \relax 
l.730 \begin{equation}
                      pdfTeX warning (ext4): destination with the same identifi
er (name{equation.0.20}) has been already used, duplicate ignored
<to be read again> 
                   \relax 
l.730 \begin{equation}
                      pdfTeX warning (ext4): destination with the same identifi
er (name{equation.0.20}) has been already used, duplicate ignored
<to be read again> 
                   \relax 
l.730 \begin{equation}
                      pdfTeX warning (ext4): destination with the same identifi
er (name{equation.0.1}) has been already used, duplicate ignored
<to be read again> 
                   \relax 
l.755 \begin{equation}
                      pdfTeX warning (ext4): destination with the same identifi
er (name{equation.0.1}) has been already used, duplicate ignored
<to be read again> 
                   \relax 
l.755 \begin{equation}
                      pdfTeX warning (ext4): destination with the same identifi
er (name{equation.0.1}) has been already used, duplicate ignored
<to be read again> 
                   \relax 
l.755 \begin{equation}
                      pdfTeX warning (ext4): destination with the same identifi
er (name{equation.0.1}) has been already used, duplicate ignored
<to be read again> 
                   \relax 
l.755 \begin{equation}
                      pdfTeX warning (ext4): destination with the same identifi
er (name{equation.0.2}) has been already used, duplicate ignored
<to be read again> 
                   \relax 
l.761 \begin{equation}
                      pdfTeX warning (ext4): destination with the same identifi
er (name{equation.0.2}) has been already used, duplicate ignored
<to be read again> 
                   \relax 
l.761 \begin{equation}
                      pdfTeX warning (ext4): destination with the same identifi
er (name{equation.0.2}) has been already used, duplicate ignored
<to be read again> 
                   \relax 
l.761 \begin{equation}
                      pdfTeX warning (ext4): destination with the same identifi
er (name{equation.0.2}) has been already used, duplicate ignored
<to be read again> 
                   \relax 
l.761 \begin{equation}
                      pdfTeX warning (ext4): destination with the same identifi
er (name{equation.0.3}) has been already used, duplicate ignored
<to be read again> 
                   \relax 
l.767 \begin{equation}
                      pdfTeX warning (ext4): destination with the same identifi
er (name{equation.0.3}) has been already used, duplicate ignored
<to be read again> 
                   \relax 
l.767 \begin{equation}
                      pdfTeX warning (ext4): destination with the same identifi
er (name{equation.0.3}) has been already used, duplicate ignored
<to be read again> 
                   \relax 
l.767 \begin{equation}
                      pdfTeX warning (ext4): destination with the same identifi
er (name{equation.0.3}) has been already used, duplicate ignored
<to be read again> 
                   \relax 
l.767 \begin{equation}
                       [12]pdfTeX warning (ext4): destination with the same ide
ntifier (name{equation.0.4}) has been already used, duplicate ignored
<to be read again> 
                   \relax 
l.774 \begin{equation}
                      pdfTeX warning (ext4): destination with the same identifi
er (name{equation.0.4}) has been already used, duplicate ignored
<to be read again> 
                   \relax 
l.774 \begin{equation}
                      pdfTeX warning (ext4): destination with the same identifi
er (name{equation.0.4}) has been already used, duplicate ignored
<to be read again> 
                   \relax 
l.774 \begin{equation}
                      pdfTeX warning (ext4): destination with the same identifi
er (name{equation.0.4}) has been already used, duplicate ignored
<to be read again> 
                   \relax 
l.774 \begin{equation}
                      pdfTeX warning (ext4): destination with the same identifi
er (name{equation.0.5}) has been already used, duplicate ignored
<to be read again> 
                   \relax 
l.783 \begin{equation}
                      pdfTeX warning (ext4): destination with the same identifi
er (name{equation.0.5}) has been already used, duplicate ignored
<to be read again> 
                   \relax 
l.783 \begin{equation}
                      pdfTeX warning (ext4): destination with the same identifi
er (name{equation.0.5}) has been already used, duplicate ignored
<to be read again> 
                   \relax 
l.783 \begin{equation}
                      pdfTeX warning (ext4): destination with the same identifi
er (name{equation.0.5}) has been already used, duplicate ignored
<to be read again> 
                   \relax 
l.783 \begin{equation}
                      pdfTeX warning (ext4): destination with the same identifi
er (name{equation.0.6}) has been already used, duplicate ignored
<to be read again> 
                   \relax 
l.789 \begin{equation}
                      pdfTeX warning (ext4): destination with the same identifi
er (name{equation.0.6}) has been already used, duplicate ignored
<to be read again> 
                   \relax 
l.789 \begin{equation}
                      pdfTeX warning (ext4): destination with the same identifi
er (name{equation.0.6}) has been already used, duplicate ignored
<to be read again> 
                   \relax 
l.789 \begin{equation}
                      pdfTeX warning (ext4): destination with the same identifi
er (name{equation.0.6}) has been already used, duplicate ignored
<to be read again> 
                   \relax 
l.789 \begin{equation}
                      pdfTeX warning (ext4): destination with the same identifi
er (name{equation.0.7}) has been already used, duplicate ignored
<to be read again> 
                   \relax 
l.796 \begin{equation}
                      pdfTeX warning (ext4): destination with the same identifi
er (name{equation.0.7}) has been already used, duplicate ignored
<to be read again> 
                   \relax 
l.796 \begin{equation}
                      pdfTeX warning (ext4): destination with the same identifi
er (name{equation.0.7}) has been already used, duplicate ignored
<to be read again> 
                   \relax 
l.796 \begin{equation}
                      pdfTeX warning (ext4): destination with the same identifi
er (name{equation.0.7}) has been already used, duplicate ignored
<to be read again> 
                   \relax 
l.796 \begin{equation}
                      pdfTeX warning (ext4): destination with the same identifi
er (name{equation.0.8}) has been already used, duplicate ignored
<to be read again> 
                   \relax 
l.808 \begin{equation}
                      pdfTeX warning (ext4): destination with the same identifi
er (name{equation.0.8}) has been already used, duplicate ignored
<to be read again> 
                   \relax 
l.808 \begin{equation}
                      pdfTeX warning (ext4): destination with the same identifi
er (name{equation.0.8}) has been already used, duplicate ignored
<to be read again> 
                   \relax 
l.808 \begin{equation}
                      pdfTeX warning (ext4): destination with the same identifi
er (name{equation.0.8}) has been already used, duplicate ignored
<to be read again> 
                   \relax 
l.808 \begin{equation}
                      pdfTeX warning (ext4): destination with the same identifi
er (name{equation.0.9}) has been already used, duplicate ignored
<to be read again> 
                   \relax 
l.814 \begin{equation}
                      pdfTeX warning (ext4): destination with the same identifi
er (name{equation.0.9}) has been already used, duplicate ignored
<to be read again> 
                   \relax 
l.814 \begin{equation}
                      pdfTeX warning (ext4): destination with the same identifi
er (name{equation.0.9}) has been already used, duplicate ignored
<to be read again> 
                   \relax 
l.814 \begin{equation}
                      pdfTeX warning (ext4): destination with the same identifi
er (name{equation.0.9}) has been already used, duplicate ignored
<to be read again> 
                   \relax 
l.814 \begin{equation}
                      pdfTeX warning (ext4): destination with the same identifi
er (name{equation.0.10}) has been already used, duplicate ignored
<to be read again> 
                   \relax 
l.820 \begin{equation}
                      pdfTeX warning (ext4): destination with the same identifi
er (name{equation.0.10}) has been already used, duplicate ignored
<to be read again> 
                   \relax 
l.820 \begin{equation}
                      pdfTeX warning (ext4): destination with the same identifi
er (name{equation.0.10}) has been already used, duplicate ignored
<to be read again> 
                   \relax 
l.820 \begin{equation}
                      pdfTeX warning (ext4): destination with the same identifi
er (name{equation.0.10}) has been already used, duplicate ignored
<to be read again> 
                   \relax 
l.820 \begin{equation}
                      pdfTeX warning (ext4): destination with the same identifi
er (name{equation.0.11}) has been already used, duplicate ignored
<to be read again> 
                   \relax 
l.830 \begin{equation}
                      pdfTeX warning (ext4): destination with the same identifi
er (name{equation.0.11}) has been already used, duplicate ignored
<to be read again> 
                   \relax 
l.830 \begin{equation}
                      pdfTeX warning (ext4): destination with the same identifi
er (name{equation.0.11}) has been already used, duplicate ignored
<to be read again> 
                   \relax 
l.830 \begin{equation}
                      pdfTeX warning (ext4): destination with the same identifi
er (name{equation.0.11}) has been already used, duplicate ignored
<to be read again> 
                   \relax 
l.830 \begin{equation}
                       [13]pdfTeX warning (ext4): destination with the same ide
ntifier (name{equation.0.12}) has been already used, duplicate ignored
<to be read again> 
                   \relax 
l.842 \begin{equation}
                      pdfTeX warning (ext4): destination with the same identifi
er (name{equation.0.12}) has been already used, duplicate ignored
<to be read again> 
                   \relax 
l.842 \begin{equation}
                      pdfTeX warning (ext4): destination with the same identifi
er (name{equation.0.12}) has been already used, duplicate ignored
<to be read again> 
                   \relax 
l.842 \begin{equation}
                      pdfTeX warning (ext4): destination with the same identifi
er (name{equation.0.12}) has been already used, duplicate ignored
<to be read again> 
                   \relax 
l.842 \begin{equation}
                      pdfTeX warning (ext4): destination with the same identifi
er (name{equation.0.13}) has been already used, duplicate ignored
<to be read again> 
                   \relax 
l.849 \begin{equation}
                      pdfTeX warning (ext4): destination with the same identifi
er (name{equation.0.13}) has been already used, duplicate ignored
<to be read again> 
                   \relax 
l.849 \begin{equation}
                      pdfTeX warning (ext4): destination with the same identifi
er (name{equation.0.13}) has been already used, duplicate ignored
<to be read again> 
                   \relax 
l.849 \begin{equation}
                      pdfTeX warning (ext4): destination with the same identifi
er (name{equation.0.13}) has been already used, duplicate ignored
<to be read again> 
                   \relax 
l.849 \begin{equation}
                      pdfTeX warning (ext4): destination with the same identifi
er (name{equation.0.14}) has been already used, duplicate ignored
<to be read again> 
                   \relax 
l.857 \begin{equation}
                      pdfTeX warning (ext4): destination with the same identifi
er (name{equation.0.14}) has been already used, duplicate ignored
<to be read again> 
                   \relax 
l.857 \begin{equation}
                      pdfTeX warning (ext4): destination with the same identifi
er (name{equation.0.14}) has been already used, duplicate ignored
<to be read again> 
                   \relax 
l.857 \begin{equation}
                      pdfTeX warning (ext4): destination with the same identifi
er (name{equation.0.14}) has been already used, duplicate ignored
<to be read again> 
                   \relax 
l.857 \begin{equation}
                      pdfTeX warning (ext4): destination with the same identifi
er (name{equation.0.15}) has been already used, duplicate ignored
<to be read again> 
                   \relax 
l.867 \begin{equation}
                      pdfTeX warning (ext4): destination with the same identifi
er (name{equation.0.15}) has been already used, duplicate ignored
<to be read again> 
                   \relax 
l.867 \begin{equation}
                      pdfTeX warning (ext4): destination with the same identifi
er (name{equation.0.15}) has been already used, duplicate ignored
<to be read again> 
                   \relax 
l.867 \begin{equation}
                      pdfTeX warning (ext4): destination with the same identifi
er (name{equation.0.15}) has been already used, duplicate ignored
<to be read again> 
                   \relax 
l.867 \begin{equation}
                      pdfTeX warning (ext4): destination with the same identifi
er (name{equation.0.16}) has been already used, duplicate ignored
<to be read again> 
                   \relax 
l.885 \begin{equation}
                      pdfTeX warning (ext4): destination with the same identifi
er (name{equation.0.16}) has been already used, duplicate ignored
<to be read again> 
                   \relax 
l.885 \begin{equation}
                      pdfTeX warning (ext4): destination with the same identifi
er (name{equation.0.16}) has been already used, duplicate ignored
<to be read again> 
                   \relax 
l.885 \begin{equation}
                      pdfTeX warning (ext4): destination with the same identifi
er (name{equation.0.16}) has been already used, duplicate ignored
<to be read again> 
                   \relax 
l.885 \begin{equation}
                      pdfTeX warning (ext4): destination with the same identifi
er (name{equation.0.17}) has been already used, duplicate ignored
<to be read again> 
                   \relax 
l.899 \begin{equation}
                      pdfTeX warning (ext4): destination with the same identifi
er (name{equation.0.17}) has been already used, duplicate ignored
<to be read again> 
                   \relax 
l.899 \begin{equation}
                      pdfTeX warning (ext4): destination with the same identifi
er (name{equation.0.17}) has been already used, duplicate ignored
<to be read again> 
                   \relax 
l.899 \begin{equation}
                      pdfTeX warning (ext4): destination with the same identifi
er (name{equation.0.17}) has been already used, duplicate ignored
<to be read again> 
                   \relax 
l.899 \begin{equation}
                      pdfTeX warning (ext4): destination with the same identifi
er (name{equation.0.18}) has been already used, duplicate ignored
<to be read again> 
                   \relax 
l.909 \begin{equation}
                      pdfTeX warning (ext4): destination with the same identifi
er (name{equation.0.18}) has been already used, duplicate ignored
<to be read again> 
                   \relax 
l.909 \begin{equation}
                      pdfTeX warning (ext4): destination with the same identifi
er (name{equation.0.18}) has been already used, duplicate ignored
<to be read again> 
                   \relax 
l.909 \begin{equation}
                      pdfTeX warning (ext4): destination with the same identifi
er (name{equation.0.18}) has been already used, duplicate ignored
<to be read again> 
                   \relax 
l.909 \begin{equation}
                       [14]pdfTeX warning (ext4): destination with the same ide
ntifier (name{equation.0.19}) has been already used, duplicate ignored
<to be read again> 
                   \relax 
l.917 \begin{equation}
                      pdfTeX warning (ext4): destination with the same identifi
er (name{equation.0.19}) has been already used, duplicate ignored
<to be read again> 
                   \relax 
l.917 \begin{equation}
                      pdfTeX warning (ext4): destination with the same identifi
er (name{equation.0.19}) has been already used, duplicate ignored
<to be read again> 
                   \relax 
l.917 \begin{equation}
                      pdfTeX warning (ext4): destination with the same identifi
er (name{equation.0.19}) has been already used, duplicate ignored
<to be read again> 
                   \relax 
l.917 \begin{equation}
                      pdfTeX warning (ext4): destination with the same identifi
er (name{equation.0.20}) has been already used, duplicate ignored
<to be read again> 
                   \relax 
l.926 \begin{equation}
                      pdfTeX warning (ext4): destination with the same identifi
er (name{equation.0.20}) has been already used, duplicate ignored
<to be read again> 
                   \relax 
l.926 \begin{equation}
                      pdfTeX warning (ext4): destination with the same identifi
er (name{equation.0.20}) has been already used, duplicate ignored
<to be read again> 
                   \relax 
l.926 \begin{equation}
                      pdfTeX warning (ext4): destination with the same identifi
er (name{equation.0.20}) has been already used, duplicate ignored
<to be read again> 
                   \relax 
l.926 \begin{equation}
                      pdfTeX warning (ext4): destination with the same identifi
er (name{equation.0.21}) has been already used, duplicate ignored
<to be read again> 
                   \relax 
l.935 \begin{equation}
                      pdfTeX warning (ext4): destination with the same identifi
er (name{equation.0.21}) has been already used, duplicate ignored
<to be read again> 
                   \relax 
l.935 \begin{equation}
                      pdfTeX warning (ext4): destination with the same identifi
er (name{equation.0.21}) has been already used, duplicate ignored
<to be read again> 
                   \relax 
l.935 \begin{equation}
                      pdfTeX warning (ext4): destination with the same identifi
er (name{equation.0.21}) has been already used, duplicate ignored
<to be read again> 
                   \relax 
l.935 \begin{equation}
                      pdfTeX warning (ext4): destination with the same identifi
er (name{equation.0.22}) has been already used, duplicate ignored
<to be read again> 
                   \relax 
l.941 \begin{equation}
                      pdfTeX warning (ext4): destination with the same identifi
er (name{equation.0.22}) has been already used, duplicate ignored
<to be read again> 
                   \relax 
l.941 \begin{equation}
                      pdfTeX warning (ext4): destination with the same identifi
er (name{equation.0.22}) has been already used, duplicate ignored
<to be read again> 
                   \relax 
l.941 \begin{equation}
                      pdfTeX warning (ext4): destination with the same identifi
er (name{equation.0.22}) has been already used, duplicate ignored
<to be read again> 
                   \relax 
l.941 \begin{equation}
                      pdfTeX warning (ext4): destination with the same identifi
er (name{equation.0.23}) has been already used, duplicate ignored
<to be read again> 
                   \relax 
l.947 \begin{equation}
                      pdfTeX warning (ext4): destination with the same identifi
er (name{equation.0.23}) has been already used, duplicate ignored
<to be read again> 
                   \relax 
l.947 \begin{equation}
                      pdfTeX warning (ext4): destination with the same identifi
er (name{equation.0.23}) has been already used, duplicate ignored
<to be read again> 
                   \relax 
l.947 \begin{equation}
                      pdfTeX warning (ext4): destination with the same identifi
er (name{equation.0.23}) has been already used, duplicate ignored
<to be read again> 
                   \relax 
l.947 \begin{equation}
                      
Overfull \hbox (30.61983pt too wide) detected at line 949
[] [] [] \OT1/lmr/m/n/10 = [1 + [] + [] + \OML/lmm/m/it/10 :::\OT1/lmr/m/n/10 ]
 + [[] + [] + [] + \OML/lmm/m/it/10 :::\OT1/lmr/m/n/10 ] + [[] + [] + \OML/lmm/
m/it/10 :::\OT1/lmr/m/n/10 ] + \OML/lmm/m/it/10 :::
 []

[15] [16]
<Tarea_1_Macroeconomía_files/figure-latex/GRÁFICA INGRESO PERMANENTE-1.pdf, 
id=367, 433.62pt x 252.945pt>
File: Tarea_1_Macroeconomía_files/figure-latex/GRÁFICA INGRESO PERMANENTE-1.
pdf Graphic file (type pdf)
<use Tarea_1_Macroeconomía_files/figure-latex/GRÁFICA INGRESO PERMANENTE-1.p
df>
Package pdftex.def Info: Tarea_1_Macroeconomía_files/figure-latex/GRÁFICA IN
GRESO PERMANENTE-1.pdf  used on input line 1030.
(pdftex.def)             Requested size: 433.62555pt x 252.94823pt.
[17 <./Tarea_1_Macroeconomía_files/figure-latex/GRÁFICA INGRESO PERMANENTE-1
.pdf>]
<Tarea_1_Macroeconomía_files/figure-latex/GRÁFICO INGRESO TRANSITORIO -1.pdf
, id=380, 433.62pt x 252.945pt>
File: Tarea_1_Macroeconomía_files/figure-latex/GRÁFICO INGRESO TRANSITORIO -
1.pdf Graphic file (type pdf)
<use Tarea_1_Macroeconomía_files/figure-latex/GRÁFICO INGRESO TRANSITORIO -1
.pdf>
Package pdftex.def Info: Tarea_1_Macroeconomía_files/figure-latex/GRÁFICO IN
GRESO TRANSITORIO -1.pdf  used on input line 1047.
(pdftex.def)             Requested size: 433.62555pt x 252.94823pt.
<Tarea_1_Macroeconomía_files/figure-latex/GRÁFICO INGRESO TRANSITORIO -2.pdf
, id=381, 433.62pt x 252.945pt>
File: Tarea_1_Macroeconomía_files/figure-latex/GRÁFICO INGRESO TRANSITORIO -
2.pdf Graphic file (type pdf)
<use Tarea_1_Macroeconomía_files/figure-latex/GRÁFICO INGRESO TRANSITORIO -2
.pdf>
Package pdftex.def Info: Tarea_1_Macroeconomía_files/figure-latex/GRÁFICO IN
GRESO TRANSITORIO -2.pdf  used on input line 1048.
(pdftex.def)             Requested size: 433.62555pt x 252.94823pt.

Underfull \hbox (badness 10000) in paragraph at lines 1047--1049
[][]
 []

[18 <./Tarea_1_Macroeconomía_files/figure-latex/GRÁFICO INGRESO TRANSITORIO 
-1.pdf> <./Tarea_1_Macroeconomía_files/figure-latex/GRÁFICO INGRESO TRANSITO
RIO -2.pdf>]
<Tarea_1_Macroeconomía_files/figure-latex/GRÁFICA INGRESO TOTAL-1.pdf, id=39
9, 433.62pt x 252.945pt>
File: Tarea_1_Macroeconomía_files/figure-latex/GRÁFICA INGRESO TOTAL-1.pdf G
raphic file (type pdf)
<use Tarea_1_Macroeconomía_files/figure-latex/GRÁFICA INGRESO TOTAL-1.pdf>
Package pdftex.def Info: Tarea_1_Macroeconomía_files/figure-latex/GRÁFICA IN
GRESO TOTAL-1.pdf  used on input line 1063.
(pdftex.def)             Requested size: 433.62555pt x 252.94823pt.
<Tarea_1_Macroeconomía_files/figure-latex/GRÁFICA INGRESO TOTAL-2.pdf, id=40
0, 433.62pt x 252.945pt>
File: Tarea_1_Macroeconomía_files/figure-latex/GRÁFICA INGRESO TOTAL-2.pdf G
raphic file (type pdf)
<use Tarea_1_Macroeconomía_files/figure-latex/GRÁFICA INGRESO TOTAL-2.pdf>
Package pdftex.def Info: Tarea_1_Macroeconomía_files/figure-latex/GRÁFICA IN
GRESO TOTAL-2.pdf  used on input line 1064.
(pdftex.def)             Requested size: 433.62555pt x 252.94823pt.

Underfull \hbox (badness 10000) in paragraph at lines 1063--1065
[][]
 []

[19 <./Tarea_1_Macroeconomía_files/figure-latex/GRÁFICA INGRESO TOTAL-1.pdf>
 <./Tarea_1_Macroeconomía_files/figure-latex/GRÁFICA INGRESO TOTAL-2.pdf>]
<Tarea_1_Macroeconomía_files/figure-latex/GRÁFICA ERRORES -1.pdf, id=419, 43
3.62pt x 252.945pt>
File: Tarea_1_Macroeconomía_files/figure-latex/GRÁFICA ERRORES -1.pdf Graphi
c file (type pdf)
<use Tarea_1_Macroeconomía_files/figure-latex/GRÁFICA ERRORES -1.pdf>
Package pdftex.def Info: Tarea_1_Macroeconomía_files/figure-latex/GRÁFICA ER
RORES -1.pdf  used on input line 1085.
(pdftex.def)             Requested size: 433.62555pt x 252.94823pt.
<Tarea_1_Macroeconomía_files/figure-latex/GRÁFICA ERRORES -2.pdf, id=420, 43
3.62pt x 252.945pt>
File: Tarea_1_Macroeconomía_files/figure-latex/GRÁFICA ERRORES -2.pdf Graphi
c file (type pdf)
<use Tarea_1_Macroeconomía_files/figure-latex/GRÁFICA ERRORES -2.pdf>
Package pdftex.def Info: Tarea_1_Macroeconomía_files/figure-latex/GRÁFICA ER
RORES -2.pdf  used on input line 1086.
(pdftex.def)             Requested size: 433.62555pt x 252.94823pt.

Underfull \hbox (badness 10000) in paragraph at lines 1085--1087
[][]
 []

[20 <./Tarea_1_Macroeconomía_files/figure-latex/GRÁFICA ERRORES -1.pdf> <./T
area_1_Macroeconomía_files/figure-latex/GRÁFICA ERRORES -2.pdf>]
<Tarea_1_Macroeconomía_files/figure-latex/GRAFICA CONSUMO-1.pdf, id=439, 433.
62pt x 252.945pt>
File: Tarea_1_Macroeconomía_files/figure-latex/GRAFICA CONSUMO-1.pdf Graphic 
file (type pdf)
<use Tarea_1_Macroeconomía_files/figure-latex/GRAFICA CONSUMO-1.pdf>
Package pdftex.def Info: Tarea_1_Macroeconomía_files/figure-latex/GRAFICA CON
SUMO-1.pdf  used on input line 1100.
(pdftex.def)             Requested size: 433.62555pt x 252.94823pt.
<Tarea_1_Macroeconomía_files/figure-latex/GRAFICA CONSUMO-2.pdf, id=440, 433.
62pt x 252.945pt>
File: Tarea_1_Macroeconomía_files/figure-latex/GRAFICA CONSUMO-2.pdf Graphic 
file (type pdf)
<use Tarea_1_Macroeconomía_files/figure-latex/GRAFICA CONSUMO-2.pdf>
Package pdftex.def Info: Tarea_1_Macroeconomía_files/figure-latex/GRAFICA CON
SUMO-2.pdf  used on input line 1101.
(pdftex.def)             Requested size: 433.62555pt x 252.94823pt.

Underfull \hbox (badness 10000) in paragraph at lines 1100--1102
[][]
 []

[21 <./Tarea_1_Macroeconomía_files/figure-latex/GRAFICA CONSUMO-1.pdf> <./Tar
ea_1_Macroeconomía_files/figure-latex/GRAFICA CONSUMO-2.pdf>]
<Tarea_1_Macroeconomía_files/figure-latex/REGRESIÓN-1.pdf, id=458, 433.62pt 
x 252.945pt>
File: Tarea_1_Macroeconomía_files/figure-latex/REGRESIÓN-1.pdf Graphic file 
(type pdf)
<use Tarea_1_Macroeconomía_files/figure-latex/REGRESIÓN-1.pdf>
Package pdftex.def Info: Tarea_1_Macroeconomía_files/figure-latex/REGRESIÓN-
1.pdf  used on input line 1124.
(pdftex.def)             Requested size: 433.62555pt x 252.94823pt.
[22 <./Tarea_1_Macroeconomía_files/figure-latex/REGRESIÓN-1.pdf>] [23

pdfTeX warning (ext4): destination with the same identifier (name{table.1}) has
 been already used, duplicate ignored
<argument> ...shipout:D \box_use:N \l_shipout_box 
                                                  
l.1196 \end{landscape}
                      pdfTeX warning (ext4): destination with the same identifi
er (name{table.2}) has been already used, duplicate ignored
<argument> ...shipout:D \box_use:N \l_shipout_box 
                                                  
l.1196 \end{landscape}
                      ]
<Tarea_1_Macroeconomía_files/figure-latex/REGRESIÓN 2-1.pdf, id=480, 433.62p
t x 252.945pt>
File: Tarea_1_Macroeconomía_files/figure-latex/REGRESIÓN 2-1.pdf Graphic fil
e (type pdf)
<use Tarea_1_Macroeconomía_files/figure-latex/REGRESIÓN 2-1.pdf>
Package pdftex.def Info: Tarea_1_Macroeconomía_files/figure-latex/REGRESIÓN 
2-1.pdf  used on input line 1215.
(pdftex.def)             Requested size: 433.62555pt x 252.94823pt.

Underfull \hbox (badness 2103) in paragraph at lines 1215--1217
[][] \T1/lmr/m/n/10 Don-de
 []

[24

 <./Tarea_1_Macroeconomía_files/figure-latex/REGRESIÓN 2-1.pdf>] [25

pdfTeX warning (ext4): destination with the same identifier (name{table.3}) has
 been already used, duplicate ignored
<argument> ...shipout:D \box_use:N \l_shipout_box 
                                                  
l.1302 \end{landscape}
                      pdfTeX warning (ext4): destination with the same identifi
er (name{table.4}) has been already used, duplicate ignored
<argument> ...shipout:D \box_use:N \l_shipout_box 
                                                  
l.1302 \end{landscape}
                      ]
<Tarea_1_Macroeconomía_files/figure-latex/REGRESIÓN 3-1.pdf, id=502, 433.62p
t x 252.945pt>
File: Tarea_1_Macroeconomía_files/figure-latex/REGRESIÓN 3-1.pdf Graphic fil
e (type pdf)
<use Tarea_1_Macroeconomía_files/figure-latex/REGRESIÓN 3-1.pdf>
Package pdftex.def Info: Tarea_1_Macroeconomía_files/figure-latex/REGRESIÓN 
3-1.pdf  used on input line 1319.
(pdftex.def)             Requested size: 433.62555pt x 252.94823pt.
[26

 <./Tarea_1_Macroeconomía_files/figure-latex/REGRESIÓN 3-1.pdf>]
Overfull \hbox (172.44524pt too wide) in paragraph at lines 1344--1369
 [][] 
 []


Overfull \hbox (172.44524pt too wide) in paragraph at lines 1375--1400
 [][] 
 []

[27pdfTeX warning (ext4): destination with the same identifier (name{table.5}) 
has been already used, duplicate ignored
<argument> ...shipout:D \box_use:N \l_shipout_box 
                                                  
l.1402 \newpage
               pdfTeX warning (ext4): destination with the same identifier (nam
e{table.6}) has been already used, duplicate ignored
<argument> ...shipout:D \box_use:N \l_shipout_box 
                                                  
l.1402 \newpage
               ] [28] [29] [30] (./Tarea_1_Macroeconomía.aux
LaTeX Info: Redefining \. on input line 25.
LaTeX Info: Redefining \% on input line 25.
)

LaTeX Warning: There were multiply-defined labels.

Package rerunfilecheck Info: File `Tarea_1_Macroeconomía.out' has not changed
.
(rerunfilecheck)             Checksum: BE42CFC7558E0B718363F37139BB4EDA;4979.
 ) 
Here is how much of TeX's memory you used:
 13418 strings out of 481234
 196746 string characters out of 5913100
 538391 words of memory out of 5000000
 29915 multiletter control sequences out of 15000+600000
 460666 words of font info for 70 fonts, out of 8000000 for 9000
 14 hyphenation exceptions out of 8191
 71i,11n,74p,394b,651s stack positions out of 5000i,500n,10000p,200000b,80000s
{/Users/leobardoenriquez/Library/TinyTeX/texmf-dist/fonts/enc/dvips/lm/lm-mat
hsy.enc}{/Users/leobardoenriquez/Library/TinyTeX/texmf-dist/fonts/enc/dvips/lm/
lm-mathit.enc}{/Users/leobardoenriquez/Library/TinyTeX/texmf-dist/fonts/enc/dvi
ps/lm/lm-rm.enc}{/Users/leobardoenriquez/Library/TinyTeX/texmf-dist/fonts/enc/d
vips/lm/lm-ec.enc}{/Users/leobardoenriquez/Library/TinyTeX/texmf-dist/fonts/enc
/dvips/lm/lm-mathex.enc}</Users/leobardoenriquez/Library/TinyTeX/texmf-dist/fon
ts/type1/public/lm/lmbx10.pfb></Users/leobardoenriquez/Library/TinyTeX/texmf-di
st/fonts/type1/public/lm/lmbx12.pfb></Users/leobardoenriquez/Library/TinyTeX/te
xmf-dist/fonts/type1/public/lm/lmbxi10.pfb></Users/leobardoenriquez/Library/Tin
yTeX/texmf-dist/fonts/type1/public/lm/lmex10.pfb></Users/leobardoenriquez/Libra
ry/TinyTeX/texmf-dist/fonts/type1/public/lm/lmmi10.pfb></Users/leobardoenriquez
/Library/TinyTeX/texmf-dist/fonts/type1/public/lm/lmmi5.pfb></Users/leobardoenr
iquez/Library/TinyTeX/texmf-dist/fonts/type1/public/lm/lmmi7.pfb></Users/leobar
doenriquez/Library/TinyTeX/texmf-dist/fonts/type1/public/lm/lmmi8.pfb></Users/l
eobardoenriquez/Library/TinyTeX/texmf-dist/fonts/type1/public/lm/lmr10.pfb></Us
ers/leobardoenriquez/Library/TinyTeX/texmf-dist/fonts/type1/public/lm/lmr12.pfb
></Users/leobardoenriquez/Library/TinyTeX/texmf-dist/fonts/type1/public/lm/lmr1
7.pfb></Users/leobardoenriquez/Library/TinyTeX/texmf-dist/fonts/type1/public/lm
/lmr5.pfb></Users/leobardoenriquez/Library/TinyTeX/texmf-dist/fonts/type1/publi
c/lm/lmr6.pfb></Users/leobardoenriquez/Library/TinyTeX/texmf-dist/fonts/type1/p
ublic/lm/lmr7.pfb></Users/leobardoenriquez/Library/TinyTeX/texmf-dist/fonts/typ
e1/public/lm/lmr8.pfb></Users/leobardoenriquez/Library/TinyTeX/texmf-dist/fonts
/type1/public/lm/lmri10.pfb></Users/leobardoenriquez/Library/TinyTeX/texmf-dist
/fonts/type1/public/lm/lmsy10.pfb></Users/leobardoenriquez/Library/TinyTeX/texm
f-dist/fonts/type1/public/lm/lmsy5.pfb></Users/leobardoenriquez/Library/TinyTeX
/texmf-dist/fonts/type1/public/lm/lmsy6.pfb></Users/leobardoenriquez/Library/Ti
nyTeX/texmf-dist/fonts/type1/public/lm/lmsy7.pfb></Users/leobardoenriquez/Libra
ry/TinyTeX/texmf-dist/fonts/type1/public/lm/lmsy8.pfb></Users/leobardoenriquez/
Library/TinyTeX/texmf-dist/fonts/type1/public/lm/lmtt10.pfb></Users/leobardoenr
iquez/Library/TinyTeX/texmf-dist/fonts/type1/public/amsfonts/symbols/msam10.pfb
>
Output written on Tarea_1_Macroeconomía.pdf (30 pages, 796410 bytes).
PDF statistics:
 678 PDF objects out of 1000 (max. 8388607)
 593 compressed objects within 6 object streams
 185 named destinations out of 1000 (max. 500000)
 389 words of extra memory for PDF output out of 10000 (max. 10000000)

