<<<<<<< Updated upstream
This is pdfTeX, Version 3.14159265-2.6-1.40.21 (MiKTeX 21.1) (preloaded format=pdflatex 2021.2.3)  6 MAR 2021 12:47
=======
This is pdfTeX, Version 3.14159265-2.6-1.40.21 (TeX Live 2020) (preloaded format=pdflatex 2021.3.6)  6 MAR 2021 11:50
>>>>>>> Stashed changes
entering extended mode
 restricted \write18 enabled.
 %&-line parsing enabled.
**Tarea_2_Macroeconomía.tex
(./Tarea_2_Macroeconomía.tex
LaTeX2e <2020-10-01> patch level 4
L3 programming layer <2021-02-18> (/Users/leobardoenriquez/Library/TinyTeX/texm
f-dist/tex/latex/base/article.cls
Document Class: article 2020/04/10 v1.4m Standard LaTeX document class
(/Users/leobardoenriquez/Library/TinyTeX/texmf-dist/tex/latex/base/size10.clo
File: size10.clo 2020/04/10 v1.4m Standard LaTeX file (size option)
)
\c@part=\count179
\c@section=\count180
\c@subsection=\count181
\c@subsubsection=\count182
\c@paragraph=\count183
\c@subparagraph=\count184
\c@figure=\count185
\c@table=\count186
\abovecaptionskip=\skip47
\belowcaptionskip=\skip48
\bibindent=\dimen138
) (/Users/leobardoenriquez/Library/TinyTeX/texmf-dist/tex/latex/lm/lmodern.sty
Package: lmodern 2009/10/30 v1.6 Latin Modern Fonts
LaTeX Font Info:    Overwriting symbol font `operators' in version `normal'
(Font)                  OT1/cmr/m/n --> OT1/lmr/m/n on input line 22.
LaTeX Font Info:    Overwriting symbol font `letters' in version `normal'
(Font)                  OML/cmm/m/it --> OML/lmm/m/it on input line 23.
LaTeX Font Info:    Overwriting symbol font `symbols' in version `normal'
(Font)                  OMS/cmsy/m/n --> OMS/lmsy/m/n on input line 24.
LaTeX Font Info:    Overwriting symbol font `largesymbols' in version `normal'
(Font)                  OMX/cmex/m/n --> OMX/lmex/m/n on input line 25.
LaTeX Font Info:    Overwriting symbol font `operators' in version `bold'
(Font)                  OT1/cmr/bx/n --> OT1/lmr/bx/n on input line 26.
LaTeX Font Info:    Overwriting symbol font `letters' in version `bold'
(Font)                  OML/cmm/b/it --> OML/lmm/b/it on input line 27.
LaTeX Font Info:    Overwriting symbol font `symbols' in version `bold'
(Font)                  OMS/cmsy/b/n --> OMS/lmsy/b/n on input line 28.
LaTeX Font Info:    Overwriting symbol font `largesymbols' in version `bold'
(Font)                  OMX/cmex/m/n --> OMX/lmex/m/n on input line 29.
LaTeX Font Info:    Overwriting math alphabet `\mathbf' in version `normal'
(Font)                  OT1/cmr/bx/n --> OT1/lmr/bx/n on input line 31.
LaTeX Font Info:    Overwriting math alphabet `\mathsf' in version `normal'
(Font)                  OT1/cmss/m/n --> OT1/lmss/m/n on input line 32.
LaTeX Font Info:    Overwriting math alphabet `\mathit' in version `normal'
(Font)                  OT1/cmr/m/it --> OT1/lmr/m/it on input line 33.
LaTeX Font Info:    Overwriting math alphabet `\mathtt' in version `normal'
(Font)                  OT1/cmtt/m/n --> OT1/lmtt/m/n on input line 34.
LaTeX Font Info:    Overwriting math alphabet `\mathbf' in version `bold'
(Font)                  OT1/cmr/bx/n --> OT1/lmr/bx/n on input line 35.
LaTeX Font Info:    Overwriting math alphabet `\mathsf' in version `bold'
(Font)                  OT1/cmss/bx/n --> OT1/lmss/bx/n on input line 36.
LaTeX Font Info:    Overwriting math alphabet `\mathit' in version `bold'
(Font)                  OT1/cmr/bx/it --> OT1/lmr/bx/it on input line 37.
LaTeX Font Info:    Overwriting math alphabet `\mathtt' in version `bold'
(Font)                  OT1/cmtt/m/n --> OT1/lmtt/m/n on input line 38.
)
(/Users/leobardoenriquez/Library/TinyTeX/texmf-dist/tex/latex/amsmath/amsmath.s
ty
Package: amsmath 2020/09/23 v2.17i AMS math features
\@mathmargin=\skip49
For additional information on amsmath, use the `?' option.

(/Users/leobardoenriquez/Library/TinyTeX/texmf-dist/tex/latex/amsmath/amstext.s
ty
Package: amstext 2000/06/29 v2.01 AMS text

(/Users/leobardoenriquez/Library/TinyTeX/texmf-dist/tex/latex/amsmath/amsgen.st
y
File: amsgen.sty 1999/11/30 v2.0 generic functions
\@emptytoks=\toks15
\ex@=\dimen139
))
(/Users/leobardoenriquez/Library/TinyTeX/texmf-dist/tex/latex/amsmath/amsbsy.st
y
Package: amsbsy 1999/11/29 v1.2d Bold Symbols
\pmbraise@=\dimen140
)
(/Users/leobardoenriquez/Library/TinyTeX/texmf-dist/tex/latex/amsmath/amsopn.st
y
Package: amsopn 2016/03/08 v2.02 operator names
)
\inf@bad=\count187
LaTeX Info: Redefining \frac on input line 234.
\uproot@=\count188
\leftroot@=\count189
LaTeX Info: Redefining \overline on input line 399.
\classnum@=\count190
\DOTSCASE@=\count191
LaTeX Info: Redefining \ldots on input line 496.
LaTeX Info: Redefining \dots on input line 499.
LaTeX Info: Redefining \cdots on input line 620.
\Mathstrutbox@=\box47
\strutbox@=\box48
\big@size=\dimen141
LaTeX Font Info:    Redeclaring font encoding OML on input line 743.
LaTeX Font Info:    Redeclaring font encoding OMS on input line 744.
\macc@depth=\count192
\c@MaxMatrixCols=\count193
\dotsspace@=\muskip16
\c@parentequation=\count194
\dspbrk@lvl=\count195
\tag@help=\toks16
\row@=\count196
\column@=\count197
\maxfields@=\count198
\andhelp@=\toks17
\eqnshift@=\dimen142
\alignsep@=\dimen143
\tagshift@=\dimen144
\tagwidth@=\dimen145
\totwidth@=\dimen146
\lineht@=\dimen147
\@envbody=\toks18
\multlinegap=\skip50
\multlinetaggap=\skip51
\mathdisplay@stack=\toks19
LaTeX Info: Redefining \[ on input line 2923.
LaTeX Info: Redefining \] on input line 2924.
)
(/Users/leobardoenriquez/Library/TinyTeX/texmf-dist/tex/generic/iftex/ifxetex.s
ty
Package: ifxetex 2019/10/25 v0.7 ifxetex legacy package. Use iftex instead.

(/Users/leobardoenriquez/Library/TinyTeX/texmf-dist/tex/generic/iftex/iftex.sty
Package: iftex 2020/03/06 v1.0d TeX engine tests
))
(/Users/leobardoenriquez/Library/TinyTeX/texmf-dist/tex/generic/iftex/ifluatex.
sty
Package: ifluatex 2019/10/25 v1.5 ifluatex legacy package. Use iftex instead.
) (/Users/leobardoenriquez/Library/TinyTeX/texmf-dist/tex/latex/base/fontenc.st
y
Package: fontenc 2020/08/10 v2.0s Standard LaTeX package
LaTeX Font Info:    Trying to load font information for T1+lmr on input line 11
2.
(/Users/leobardoenriquez/Library/TinyTeX/texmf-dist/tex/latex/lm/t1lmr.fd
File: t1lmr.fd 2009/10/30 v1.6 Font defs for Latin Modern
))
(/Users/leobardoenriquez/Library/TinyTeX/texmf-dist/tex/latex/base/inputenc.sty
Package: inputenc 2020/08/01 v1.3d Input encoding file
\inpenc@prehook=\toks20
\inpenc@posthook=\toks21
)
(/Users/leobardoenriquez/Library/TinyTeX/texmf-dist/tex/latex/base/textcomp.sty
Package: textcomp 2020/02/02 v2.0n Standard LaTeX package
)
(/Users/leobardoenriquez/Library/TinyTeX/texmf-dist/tex/latex/amsfonts/amssymb.
sty
Package: amssymb 2013/01/14 v3.01 AMS font symbols

(/Users/leobardoenriquez/Library/TinyTeX/texmf-dist/tex/latex/amsfonts/amsfonts
.sty
Package: amsfonts 2013/01/14 v3.01 Basic AMSFonts support
\symAMSa=\mathgroup4
\symAMSb=\mathgroup5
LaTeX Font Info:    Redeclaring math symbol \hbar on input line 98.
LaTeX Font Info:    Overwriting math alphabet `\mathfrak' in version `bold'
(Font)                  U/euf/m/n --> U/euf/b/n on input line 106.
))
(/Users/leobardoenriquez/Library/TinyTeX/texmf-dist/tex/latex/xcolor/xcolor.sty
Package: xcolor 2016/05/11 v2.12 LaTeX color extensions (UK)

(/Users/leobardoenriquez/Library/TinyTeX/texmf-dist/tex/latex/graphics-cfg/colo
r.cfg
File: color.cfg 2016/01/02 v1.6 sample color configuration
)
Package xcolor Info: Driver file: pdftex.def on input line 225.

(/Users/leobardoenriquez/Library/TinyTeX/texmf-dist/tex/latex/graphics-def/pdft
ex.def
File: pdftex.def 2020/10/05 v1.2a Graphics/color driver for pdftex
)
Package xcolor Info: Model `cmy' substituted by `cmy0' on input line 1348.
Package xcolor Info: Model `hsb' substituted by `rgb' on input line 1352.
Package xcolor Info: Model `RGB' extended on input line 1364.
Package xcolor Info: Model `HTML' substituted by `rgb' on input line 1366.
Package xcolor Info: Model `Hsb' substituted by `hsb' on input line 1367.
Package xcolor Info: Model `tHsb' substituted by `hsb' on input line 1368.
Package xcolor Info: Model `HSB' substituted by `hsb' on input line 1369.
Package xcolor Info: Model `Gray' substituted by `gray' on input line 1370.
Package xcolor Info: Model `wave' substituted by `hsb' on input line 1371.
)
(/Users/leobardoenriquez/Library/TinyTeX/texmf-dist/tex/latex/hyperref/hyperref
.sty
Package: hyperref 2021-02-27 v7.00k Hypertext links for LaTeX

(/Users/leobardoenriquez/Library/TinyTeX/texmf-dist/tex/generic/ltxcmds/ltxcmds
.sty
Package: ltxcmds 2020-05-10 v1.25 LaTeX kernel commands for general use (HO)
)
(/Users/leobardoenriquez/Library/TinyTeX/texmf-dist/tex/generic/pdftexcmds/pdft
excmds.sty
Package: pdftexcmds 2020-06-27 v0.33 Utility functions of pdfTeX for LuaTeX (HO
)

(/Users/leobardoenriquez/Library/TinyTeX/texmf-dist/tex/generic/infwarerr/infwa
rerr.sty
Package: infwarerr 2019/12/03 v1.5 Providing info/warning/error messages (HO)
)
Package pdftexcmds Info: \pdf@primitive is available.
Package pdftexcmds Info: \pdf@ifprimitive is available.
Package pdftexcmds Info: \pdfdraftmode found.
)
(/Users/leobardoenriquez/Library/TinyTeX/texmf-dist/tex/latex/graphics/keyval.s
ty
Package: keyval 2014/10/28 v1.15 key=value parser (DPC)
\KV@toks@=\toks22
)
(/Users/leobardoenriquez/Library/TinyTeX/texmf-dist/tex/generic/kvsetkeys/kvset
keys.sty
Package: kvsetkeys 2019/12/15 v1.18 Key value parser (HO)
)
(/Users/leobardoenriquez/Library/TinyTeX/texmf-dist/tex/generic/kvdefinekeys/kv
definekeys.sty
Package: kvdefinekeys 2019-12-19 v1.6 Define keys (HO)
)
(/Users/leobardoenriquez/Library/TinyTeX/texmf-dist/tex/generic/pdfescape/pdfes
cape.sty
Package: pdfescape 2019/12/09 v1.15 Implements pdfTeX's escape features (HO)
)
(/Users/leobardoenriquez/Library/TinyTeX/texmf-dist/tex/latex/hycolor/hycolor.s
ty
Package: hycolor 2020-01-27 v1.10 Color options for hyperref/bookmark (HO)
)
(/Users/leobardoenriquez/Library/TinyTeX/texmf-dist/tex/latex/letltxmacro/letlt
xmacro.sty
Package: letltxmacro 2019/12/03 v1.6 Let assignment for LaTeX macros (HO)
)
(/Users/leobardoenriquez/Library/TinyTeX/texmf-dist/tex/latex/auxhook/auxhook.s
ty
Package: auxhook 2019-12-17 v1.6 Hooks for auxiliary files (HO)
)
(/Users/leobardoenriquez/Library/TinyTeX/texmf-dist/tex/latex/kvoptions/kvoptio
ns.sty
Package: kvoptions 2020-10-07 v3.14 Key value format for package options (HO)
)
\@linkdim=\dimen148
\Hy@linkcounter=\count199
\Hy@pagecounter=\count266

(/Users/leobardoenriquez/Library/TinyTeX/texmf-dist/tex/latex/hyperref/pd1enc.d
ef
File: pd1enc.def 2021-02-27 v7.00k Hyperref: PDFDocEncoding definition (HO)
Now handling font encoding PD1 ...
... no UTF-8 mapping file for font encoding PD1
)
(/Users/leobardoenriquez/Library/TinyTeX/texmf-dist/tex/latex/hyperref/hyperref
-langpatches.def
File: hyperref-langpatches.def 2021-02-27 v7.00k Hyperref: patches for babel la
nguages
)
(/Users/leobardoenriquez/Library/TinyTeX/texmf-dist/tex/generic/intcalc/intcalc
.sty
Package: intcalc 2019/12/15 v1.3 Expandable calculations with integers (HO)
)
(/Users/leobardoenriquez/Library/TinyTeX/texmf-dist/tex/generic/etexcmds/etexcm
ds.sty
Package: etexcmds 2019/12/15 v1.7 Avoid name clashes with e-TeX commands (HO)
)
\Hy@SavedSpaceFactor=\count267

(/Users/leobardoenriquez/Library/TinyTeX/texmf-dist/tex/latex/hyperref/puenc.de
f
File: puenc.def 2021-02-27 v7.00k Hyperref: PDF Unicode definition (HO)
Now handling font encoding PU ...
... no UTF-8 mapping file for font encoding PU
)
Package hyperref Info: Option `unicode' set `true' on input line 4073.
Package hyperref Info: Hyper figures OFF on input line 4192.
Package hyperref Info: Link nesting OFF on input line 4197.
Package hyperref Info: Hyper index ON on input line 4200.
Package hyperref Info: Plain pages OFF on input line 4207.
Package hyperref Info: Backreferencing OFF on input line 4212.
Package hyperref Info: Implicit mode ON; LaTeX internals redefined.
Package hyperref Info: Bookmarks ON on input line 4445.
\c@Hy@tempcnt=\count268
(/Users/leobardoenriquez/Library/TinyTeX/texmf-dist/tex/latex/url/url.sty
\Urlmuskip=\muskip17
Package: url 2013/09/16  ver 3.4  Verb mode for urls, etc.
)
LaTeX Info: Redefining \url on input line 4804.
\XeTeXLinkMargin=\dimen149

(/Users/leobardoenriquez/Library/TinyTeX/texmf-dist/tex/generic/bitset/bitset.s
ty
Package: bitset 2019/12/09 v1.3 Handle bit-vector datatype (HO)

(/Users/leobardoenriquez/Library/TinyTeX/texmf-dist/tex/generic/bigintcalc/bigi
ntcalc.sty
Package: bigintcalc 2019/12/15 v1.5 Expandable calculations on big integers (HO
)
))
\Fld@menulength=\count269
\Field@Width=\dimen150
\Fld@charsize=\dimen151
Package hyperref Info: Hyper figures OFF on input line 6075.
Package hyperref Info: Link nesting OFF on input line 6080.
Package hyperref Info: Hyper index ON on input line 6083.
Package hyperref Info: backreferencing OFF on input line 6090.
Package hyperref Info: Link coloring OFF on input line 6095.
Package hyperref Info: Link coloring with OCG OFF on input line 6100.
Package hyperref Info: PDF/A mode OFF on input line 6105.
LaTeX Info: Redefining \ref on input line 6145.
LaTeX Info: Redefining \pageref on input line 6149.

(/Users/leobardoenriquez/Library/TinyTeX/texmf-dist/tex/latex/base/atbegshi-ltx
.sty
Package: atbegshi-ltx 2020/08/17 v1.0a Emulation of the original atbegshi packa
ge
with kernel methods
)
\Hy@abspage=\count270
\c@Item=\count271
\c@Hfootnote=\count272
)
Package hyperref Info: Driver (autodetected): hpdftex.

(/Users/leobardoenriquez/Library/TinyTeX/texmf-dist/tex/latex/hyperref/hpdftex.
def
File: hpdftex.def 2021-02-27 v7.00k Hyperref driver for pdfTeX

(/Users/leobardoenriquez/Library/TinyTeX/texmf-dist/tex/latex/base/atveryend-lt
x.sty
Package: atveryend-ltx 2020/08/19 v1.0a Emulation of the original atvery packag
e
with kernel methods
)
\Fld@listcount=\count273
\c@bookmark@seq@number=\count274

(/Users/leobardoenriquez/Library/TinyTeX/texmf-dist/tex/latex/rerunfilecheck/re
runfilecheck.sty
Package: rerunfilecheck 2019/12/05 v1.9 Rerun checks for auxiliary files (HO)

(/Users/leobardoenriquez/Library/TinyTeX/texmf-dist/tex/generic/uniquecounter/u
niquecounter.sty
Package: uniquecounter 2019/12/15 v1.4 Provide unlimited unique counter (HO)
)
Package uniquecounter Info: New unique counter `rerunfilecheck' on input line 2
86.
)
\Hy@SectionHShift=\skip52
)
(/Users/leobardoenriquez/Library/TinyTeX/texmf-dist/tex/latex/geometry/geometry
.sty
Package: geometry 2020/01/02 v5.9 Page Geometry

(/Users/leobardoenriquez/Library/TinyTeX/texmf-dist/tex/generic/iftex/ifvtex.st
y
Package: ifvtex 2019/10/25 v1.7 ifvtex legacy package. Use iftex instead.
)
\Gm@cnth=\count275
\Gm@cntv=\count276
\c@Gm@tempcnt=\count277
\Gm@bindingoffset=\dimen152
\Gm@wd@mp=\dimen153
\Gm@odd@mp=\dimen154
\Gm@even@mp=\dimen155
\Gm@layoutwidth=\dimen156
\Gm@layoutheight=\dimen157
\Gm@layouthoffset=\dimen158
\Gm@layoutvoffset=\dimen159
\Gm@dimlist=\toks23
)
(/Users/leobardoenriquez/Library/TinyTeX/texmf-dist/tex/latex/tools/longtable.s
ty
Package: longtable 2020/01/07 v4.13 Multi-page Table package (DPC)
\LTleft=\skip53
\LTright=\skip54
\LTpre=\skip55
\LTpost=\skip56
\LTchunksize=\count278
\LTcapwidth=\dimen160
\LT@head=\box49
\LT@firsthead=\box50
\LT@foot=\box51
\LT@lastfoot=\box52
\LT@cols=\count279
\LT@rows=\count280
\c@LT@tables=\count281
\c@LT@chunks=\count282
\LT@p@ftn=\toks24
)
(/Users/leobardoenriquez/Library/TinyTeX/texmf-dist/tex/latex/booktabs/booktabs
.sty
Package: booktabs 2020/01/12 v1.61803398 Publication quality tables
\heavyrulewidth=\dimen161
\lightrulewidth=\dimen162
\cmidrulewidth=\dimen163
\belowrulesep=\dimen164
\belowbottomsep=\dimen165
\aboverulesep=\dimen166
\abovetopsep=\dimen167
\cmidrulesep=\dimen168
\cmidrulekern=\dimen169
\defaultaddspace=\dimen170
\@cmidla=\count283
\@cmidlb=\count284
\@aboverulesep=\dimen171
\@belowrulesep=\dimen172
\@thisruleclass=\count285
\@lastruleclass=\count286
\@thisrulewidth=\dimen173
) (/Users/leobardoenriquez/Library/TinyTeX/texmf-dist/tex/latex/tools/calc.sty
Package: calc 2017/05/25 v4.3 Infix arithmetic (KKT,FJ)
\calc@Acount=\count287
\calc@Bcount=\count288
\calc@Adimen=\dimen174
\calc@Bdimen=\dimen175
\calc@Askip=\skip57
\calc@Bskip=\skip58
LaTeX Info: Redefining \setlength on input line 80.
LaTeX Info: Redefining \addtolength on input line 81.
\calc@Ccount=\count289
\calc@Cskip=\skip59
)
(/Users/leobardoenriquez/Library/TinyTeX/texmf-dist/tex/latex/etoolbox/etoolbox
.sty
Package: etoolbox 2020/10/05 v2.5k e-TeX tools for LaTeX (JAW)
\etb@tempcnta=\count290
)
(/Users/leobardoenriquez/Library/TinyTeX/texmf-dist/tex/latex/mdwtools/footnote
.sty
Package: footnote 1997/01/28 1.13 Save footnotes around boxes
\fn@notes=\box53
\fn@width=\dimen176
)
(/Users/leobardoenriquez/Library/TinyTeX/texmf-dist/tex/latex/graphics/graphicx
.sty
Package: graphicx 2020/09/09 v1.2b Enhanced LaTeX Graphics (DPC,SPQR)

(/Users/leobardoenriquez/Library/TinyTeX/texmf-dist/tex/latex/graphics/graphics
.sty
Package: graphics 2020/08/30 v1.4c Standard LaTeX Graphics (DPC,SPQR)

(/Users/leobardoenriquez/Library/TinyTeX/texmf-dist/tex/latex/graphics/trig.sty
Package: trig 2016/01/03 v1.10 sin cos tan (DPC)
)
(/Users/leobardoenriquez/Library/TinyTeX/texmf-dist/tex/latex/graphics-cfg/grap
hics.cfg
File: graphics.cfg 2016/06/04 v1.11 sample graphics configuration
)
Package graphics Info: Driver file: pdftex.def on input line 105.
)
\Gin@req@height=\dimen177
\Gin@req@width=\dimen178
)
(/Users/leobardoenriquez/Library/TinyTeX/texmf-dist/tex/latex/caption/caption.s
ty
Package: caption 2020/10/26 v3.5g Customizing captions (AR)

(/Users/leobardoenriquez/Library/TinyTeX/texmf-dist/tex/latex/caption/caption3.
sty
Package: caption3 2020/10/21 v2.2e caption3 kernel (AR)
\captionmargin=\dimen179
\captionmargin@=\dimen180
\captionwidth=\dimen181
\caption@tempdima=\dimen182
\caption@indent=\dimen183
\caption@parindent=\dimen184
\caption@hangindent=\dimen185
Package caption Info: Standard document class detected.
)
\c@caption@flags=\count291
\c@continuedfloat=\count292
Package caption Info: hyperref package is loaded.
Package caption Info: longtable package is loaded.

(/Users/leobardoenriquez/Library/TinyTeX/texmf-dist/tex/latex/caption/ltcaption
.sty
Package: ltcaption 2020/05/30 v1.4b longtable captions (AR)
))
(/Users/leobardoenriquez/Library/TinyTeX/texmf-dist/tex/generic/babel/babel.sty
Package: babel 2021/03/03 3.55 The Babel package

(/Users/leobardoenriquez/Library/TinyTeX/texmf-dist/tex/generic/babel/babel.def
File: babel.def 2021/03/03 3.55 Babel common definitions
\babel@savecnt=\count293
\U@D=\dimen186
\l@babelnohyphens=\language4

(/Users/leobardoenriquez/Library/TinyTeX/texmf-dist/tex/generic/babel/txtbabel.
def)
\bbl@readstream=\read2
)
\bbl@dirlevel=\count294

(/Users/leobardoenriquez/Library/TinyTeX/texmf-dist/tex/generic/babel-spanish/s
panish.ldf
Language: spanish.ldf 2016/03/03 v5.0p Spanish support from the babel system
\es@quottoks=\toks25
\es@quotdepth=\count295
Package babel Info: Making " an active character on input line 561.
Package babel Info: Making . an active character on input line 662.
Package babel Info: Making < an active character on input line 707.
Package babel Info: Making > an active character on input line 707.
))
(/Users/leobardoenriquez/Library/TinyTeX/texmf-dist/tex/latex/multirow/multirow
.sty
Package: multirow 2021/01/29 v2.7 Span multiple rows of a table
\multirow@colwidth=\skip60
\multirow@cntb=\count296
\multirow@dima=\skip61
\bigstrutjot=\dimen187
)
(/Users/leobardoenriquez/Library/TinyTeX/texmf-dist/tex/latex/graphics/rotating
.sty
Package: rotating 2016/08/11 v2.16d rotated objects in LaTeX
(/Users/leobardoenriquez/Library/TinyTeX/texmf-dist/tex/latex/base/ifthen.sty
Package: ifthen 2014/09/29 v1.1c Standard LaTeX ifthen package (DPC)
)
\c@r@tfl@t=\count297
\rotFPtop=\skip62
\rotFPbot=\skip63
\rot@float@box=\box54
\rot@mess@toks=\toks26
) (/Users/leobardoenriquez/Library/TinyTeX/texmf-dist/tex/latex/tools/array.sty
Package: array 2020/10/01 v2.5c Tabular extension package (FMi)
\col@sep=\dimen188
\ar@mcellbox=\box55
\extrarowheight=\dimen189
\NC@list=\toks27
\extratabsurround=\skip64
\backup@length=\skip65
\ar@cellbox=\box56
)
(/Users/leobardoenriquez/Library/TinyTeX/texmf-dist/tex/latex/wrapfig/wrapfig.s
ty
\wrapoverhang=\dimen190
\WF@size=\dimen191
\c@WF@wrappedlines=\count298
\WF@box=\box57
\WF@everypar=\toks28
Package: wrapfig 2003/01/31  v 3.6
) (/Users/leobardoenriquez/Library/TinyTeX/texmf-dist/tex/latex/float/float.sty
Package: float 2001/11/08 v1.3d Float enhancements (AL)
\c@float@type=\count299
\float@exts=\toks29
\float@box=\box58
\@float@everytoks=\toks30
\@floatcapt=\box59
)
(/Users/leobardoenriquez/Library/TinyTeX/texmf-dist/tex/latex/colortbl/colortbl
.sty
Package: colortbl 2020/01/04 v1.0e Color table columns (DPC)
\everycr=\toks31
\minrowclearance=\skip66
)
(/Users/leobardoenriquez/Library/TinyTeX/texmf-dist/tex/latex/pdflscape/pdflsca
pe.sty
Package: pdflscape 2019/12/05 v0.12 Display of landscape pages in PDF (HO)

(/Users/leobardoenriquez/Library/TinyTeX/texmf-dist/tex/latex/graphics/lscape.s
ty
Package: lscape 2020/05/28 v3.02 Landscape Pages (DPC)
)
Package pdflscape Info: Auto-detected driver: pdftex on input line 81.
) (/Users/leobardoenriquez/Library/TinyTeX/texmf-dist/tex/latex/tabu/tabu.sty
Package: tabu 2019/01/11 v2.9 - flexible LaTeX tabulars (FC+tabu-fixed)

(/Users/leobardoenriquez/Library/TinyTeX/texmf-dist/tex/latex/varwidth/varwidth
.sty
Package: varwidth 2009/03/30 ver 0.92;  Variable-width minipages
\@vwid@box=\box60
\sift@deathcycles=\count300
\@vwid@loff=\dimen192
\@vwid@roff=\dimen193
)
\c@taburow=\count301
\tabu@nbcols=\count302
\tabu@cnt=\count303
\tabu@Xcol=\count304
\tabu@alloc=\count305
\tabu@nested=\count306
\tabu@target=\dimen194
\tabu@spreadtarget=\dimen195
\tabu@naturalX=\dimen196
\tabucolX=\dimen197
\tabu@Xsum=\dimen198
\extrarowdepth=\dimen199
\abovetabulinesep=\dimen256
\belowtabulinesep=\dimen257
\tabustrutrule=\dimen258
\tabu@thebody=\toks32
\tabu@footnotes=\toks33
\tabu@box=\box61
\tabu@arstrutbox=\box62
\tabu@hleads=\box63
\tabu@vleads=\box64
\tabu@cellskip=\skip67
)
(/Users/leobardoenriquez/Library/TinyTeX/texmf-dist/tex/latex/threeparttable/th
reeparttable.sty
Package: threeparttable 2003/06/13  v 3.0
\@tempboxb=\box65
)
(/Users/leobardoenriquez/Library/TinyTeX/texmf-dist/tex/latex/threeparttablex/t
hreeparttablex.sty
Package: threeparttablex 2013/07/23 v0.3 by daleif

(/Users/leobardoenriquez/Library/TinyTeX/texmf-dist/tex/latex/environ/environ.s
ty
Package: environ 2014/05/04 v0.3 A new way to define environments

(/Users/leobardoenriquez/Library/TinyTeX/texmf-dist/tex/latex/trimspaces/trimsp
aces.sty
Package: trimspaces 2009/09/17 v1.1 Trim spaces around a token list
))
\TPTL@width=\skip68
) (/Users/leobardoenriquez/Library/TinyTeX/texmf-dist/tex/generic/ulem/ulem.sty
\UL@box=\box66
\UL@hyphenbox=\box67
\UL@skip=\skip69
\UL@hook=\toks34
\UL@height=\dimen259
\UL@pe=\count307
\UL@pixel=\dimen260
\ULC@box=\box68
Package: ulem 2019/11/18
\ULdepth=\dimen261
)
(/Users/leobardoenriquez/Library/TinyTeX/texmf-dist/tex/latex/makecell/makecell
.sty
Package: makecell 2009/08/03 V0.1e Managing of Tab Column Heads and Cells
\rotheadsize=\dimen262
\c@nlinenum=\count308
\TeXr@lab=\toks35
)
\cslhangindent=\skip70
\csllabelwidth=\skip71

(/Users/leobardoenriquez/Library/TinyTeX/texmf-dist/tex/latex/l3backend/l3backe
nd-pdftex.def
File: l3backend-pdftex.def 2021-03-02 L3 backend support: PDF output (pdfTeX)
\l__color_backend_stack_int=\count309
\l__pdf_internal_box=\box69
) (./Tarea_2_Macroeconomía.aux
LaTeX Info: Redefining \. on input line 25.
LaTeX Info: Redefining \% on input line 25.

LaTeX Warning: Label `' multiply defined.


LaTeX Warning: Label `' multiply defined.


LaTeX Warning: Label `' multiply defined.


LaTeX Warning: Label `' multiply defined.


LaTeX Warning: Label `' multiply defined.


LaTeX Warning: Label `' multiply defined.


LaTeX Warning: Label `' multiply defined.


LaTeX Warning: Label `' multiply defined.


LaTeX Warning: Label `' multiply defined.


LaTeX Warning: Label `' multiply defined.


LaTeX Warning: Label `' multiply defined.


LaTeX Warning: Label `' multiply defined.


LaTeX Warning: Label `' multiply defined.


LaTeX Warning: Label `' multiply defined.


LaTeX Warning: Label `' multiply defined.


LaTeX Warning: Label `' multiply defined.


LaTeX Warning: Label `' multiply defined.


LaTeX Warning: Label `' multiply defined.


LaTeX Warning: Label `' multiply defined.


LaTeX Warning: Label `' multiply defined.

)
\openout1 = `Tarea_2_Macroeconomía.aux'.

LaTeX Font Info:    Checking defaults for OML/cmm/m/it on input line 119.
LaTeX Font Info:    ... okay on input line 119.
LaTeX Font Info:    Checking defaults for OMS/cmsy/m/n on input line 119.
LaTeX Font Info:    ... okay on input line 119.
LaTeX Font Info:    Checking defaults for OT1/cmr/m/n on input line 119.
LaTeX Font Info:    ... okay on input line 119.
LaTeX Font Info:    Checking defaults for T1/cmr/m/n on input line 119.
LaTeX Font Info:    ... okay on input line 119.
LaTeX Font Info:    Checking defaults for TS1/cmr/m/n on input line 119.
LaTeX Font Info:    ... okay on input line 119.
LaTeX Font Info:    Checking defaults for OMX/cmex/m/n on input line 119.
LaTeX Font Info:    ... okay on input line 119.
LaTeX Font Info:    Checking defaults for U/cmr/m/n on input line 119.
LaTeX Font Info:    ... okay on input line 119.
LaTeX Font Info:    Checking defaults for PD1/pdf/m/n on input line 119.
LaTeX Font Info:    ... okay on input line 119.
LaTeX Font Info:    Checking defaults for PU/pdf/m/n on input line 119.
LaTeX Font Info:    ... okay on input line 119.

(/Users/leobardoenriquez/Library/TinyTeX/texmf-dist/tex/latex/epstopdf-pkg/epst
opdf-base.sty
Package: epstopdf-base 2020-01-24 v2.11 Base part for package epstopdf
Package epstopdf-base Info: Redefining graphics rule for `.eps' on input line 4
85.

(/Users/leobardoenriquez/Library/TinyTeX/texmf-dist/tex/latex/latexconfig/epsto
pdf-sys.cfg
File: epstopdf-sys.cfg 2010/07/13 v1.3 Configuration of (r)epstopdf for TeX Liv
e
))
Package hyperref Info: Link coloring OFF on input line 119.

(/Users/leobardoenriquez/Library/TinyTeX/texmf-dist/tex/latex/hyperref/nameref.
sty
Package: nameref 2021-04-02 v2.47 Cross-referencing by name of section

(/Users/leobardoenriquez/Library/TinyTeX/texmf-dist/tex/latex/refcount/refcount
.sty
Package: refcount 2019/12/15 v3.6 Data extraction from label references (HO)
)
(/Users/leobardoenriquez/Library/TinyTeX/texmf-dist/tex/generic/gettitlestring/
gettitlestring.sty
Package: gettitlestring 2019/12/15 v1.6 Cleanup title references (HO)
)
\c@section@level=\count310
)
LaTeX Info: Redefining \ref on input line 119.
LaTeX Info: Redefining \pageref on input line 119.
LaTeX Info: Redefining \nameref on input line 119.
(./Tarea_2_Macroeconomía.out) (./Tarea_2_Macroeconomía.out)
\@outlinefile=\write3
\openout3 = `Tarea_2_Macroeconomía.out'.

*geometry* driver: auto-detecting
*geometry* detected driver: pdftex
*geometry* verbose mode - [ preamble ] result:
* driver: pdftex
* paper: <default>
* layout: <same size as paper>
* layoutoffset:(h,v)=(0.0pt,0.0pt)
* modes: 
* h-part:(L,W,R)=(72.26999pt, 469.75502pt, 72.26999pt)
* v-part:(T,H,B)=(72.26999pt, 650.43001pt, 72.26999pt)
* \paperwidth=614.295pt
* \paperheight=794.96999pt
* \textwidth=469.75502pt
* \textheight=650.43001pt
* \oddsidemargin=0.0pt
* \evensidemargin=0.0pt
* \topmargin=-37.0pt
* \headheight=12.0pt
* \headsep=25.0pt
* \topskip=10.0pt
* \footskip=30.0pt
* \marginparwidth=65.0pt
* \marginparsep=11.0pt
* \columnsep=10.0pt
* \skip\footins=9.0pt plus 4.0pt minus 2.0pt
* \hoffset=0.0pt
* \voffset=0.0pt
* \mag=1000
* \@twocolumnfalse
* \@twosidefalse
* \@mparswitchfalse
* \@reversemarginfalse
* (1in=72.27pt=25.4mm, 1cm=28.453pt)

Package caption Info: Begin \AtBeginDocument code.
Package caption Info: float package is loaded.
Package caption Info: rotating package is loaded.
Package caption Info: threeparttable package is loaded.
Package caption Info: wrapfig package is loaded.
Package caption Info: End \AtBeginDocument code.
LaTeX Info: Redefining \. on input line 119.
LaTeX Info: Redefining \% on input line 119.
<colmex.jpg, id=104, 536.0025pt x 263.48438pt>
File: colmex.jpg Graphic file (type jpg)
<use colmex.jpg>
Package pdftex.def Info: colmex.jpg  used on input line 127.
(pdftex.def)             Requested size: 469.75348pt x 230.91812pt.
LaTeX Font Info:    Trying to load font information for OT1+lmr on input line 1
57.
(/Users/leobardoenriquez/Library/TinyTeX/texmf-dist/tex/latex/lm/ot1lmr.fd
File: ot1lmr.fd 2009/10/30 v1.6 Font defs for Latin Modern
)
LaTeX Font Info:    Trying to load font information for OML+lmm on input line 1
57.
(/Users/leobardoenriquez/Library/TinyTeX/texmf-dist/tex/latex/lm/omllmm.fd
File: omllmm.fd 2009/10/30 v1.6 Font defs for Latin Modern
)
LaTeX Font Info:    Trying to load font information for OMS+lmsy on input line 
157.
(/Users/leobardoenriquez/Library/TinyTeX/texmf-dist/tex/latex/lm/omslmsy.fd
File: omslmsy.fd 2009/10/30 v1.6 Font defs for Latin Modern
)
LaTeX Font Info:    Trying to load font information for OMX+lmex on input line 
157.
(/Users/leobardoenriquez/Library/TinyTeX/texmf-dist/tex/latex/lm/omxlmex.fd
File: omxlmex.fd 2009/10/30 v1.6 Font defs for Latin Modern
)
LaTeX Font Info:    External font `lmex10' loaded for size
(Font)              <10> on input line 157.
LaTeX Font Info:    External font `lmex10' loaded for size
(Font)              <7> on input line 157.
LaTeX Font Info:    External font `lmex10' loaded for size
(Font)              <5> on input line 157.
LaTeX Font Info:    Trying to load font information for U+msa on input line 157
.
(/Users/leobardoenriquez/Library/TinyTeX/texmf-dist/tex/latex/amsfonts/umsa.fd
File: umsa.fd 2013/01/14 v3.01 AMS symbols A
)
LaTeX Font Info:    Trying to load font information for U+msb on input line 157
.
(/Users/leobardoenriquez/Library/TinyTeX/texmf-dist/tex/latex/amsfonts/umsb.fd
File: umsb.fd 2013/01/14 v3.01 AMS symbols B
) [1

{/Users/leobardoenriquez/Library/TinyTeX/texmf-var/fonts/map/pdftex/updmap/pdft
ex.map} <./colmex.jpg>] (./Tarea_2_Macroeconomía.toc
LaTeX Info: Redefining \. on input line 1.
LaTeX Info: Redefining \% on input line 1.
)
\tf@toc=\write4
\openout4 = `Tarea_2_Macroeconomía.toc'.

[1] [2] [3] [4]
Underfull \hbox (badness 10000) in paragraph at lines 325--326

 []

<<<<<<< Updated upstream
[5] [6] [7] [8]
<Tarea_2_Macroeconomía_files/figure-latex/unnamed-chunk-2-1.pdf, id=133, 433.6
2pt x 252.945pt>
File: Tarea_2_Macroeconomía_files/figure-latex/unnamed-chunk-2-1.pdf Graphic f
ile (type pdf)
<use Tarea_2_Macroeconomía_files/figure-latex/unnamed-chunk-2-1.pdf>
Package pdftex.def Info: Tarea_2_Macroeconomía_files/figure-latex/unnamed-chun
k-2-1.pdf  used on input line 556.
(pdftex.def)             Requested size: 433.62555pt x 252.94823pt.
<Tarea_2_Macroeconomía_files/figure-latex/unnamed-chunk-3-1.pdf, id=134, 433.6
2pt x 252.945pt>
File: Tarea_2_Macroeconomía_files/figure-latex/unnamed-chunk-3-1.pdf Graphic f
ile (type pdf)
<use Tarea_2_Macroeconomía_files/figure-latex/unnamed-chunk-3-1.pdf>
Package pdftex.def Info: Tarea_2_Macroeconomía_files/figure-latex/unnamed-chun
k-3-1.pdf  used on input line 588.
(pdftex.def)             Requested size: 433.62555pt x 252.94823pt.
[9 <./Tarea_2_Macroeconomía_files/figure-latex/unnamed-chunk-2-1.pdf>] [10 <./
Tarea_2_Macroeconomía_files/figure-latex/unnamed-chunk-3-1.pdf>]
<Tarea_2_Macroeconomía_files/figure-latex/unnamed-chunk-4-1.pdf, id=156, 433.6
2pt x 252.945pt>
File: Tarea_2_Macroeconomía_files/figure-latex/unnamed-chunk-4-1.pdf Graphic f
ile (type pdf)
<use Tarea_2_Macroeconomía_files/figure-latex/unnamed-chunk-4-1.pdf>
Package pdftex.def Info: Tarea_2_Macroeconomía_files/figure-latex/unnamed-chun
k-4-1.pdf  used on input line 640.
(pdftex.def)             Requested size: 433.62555pt x 252.94823pt.
[11 <./Tarea_2_Macroeconomía_files/figure-latex/unnamed-chunk-4-1.pdf>]
<Tarea_2_Macroeconomía_files/figure-latex/unnamed-chunk-9-1.pdf, id=167, 433.6
2pt x 252.945pt>
File: Tarea_2_Macroeconomía_files/figure-latex/unnamed-chunk-9-1.pdf Graphic f
ile (type pdf)
<use Tarea_2_Macroeconomía_files/figure-latex/unnamed-chunk-9-1.pdf>
Package pdftex.def Info: Tarea_2_Macroeconomía_files/figure-latex/unnamed-chun
k-9-1.pdf  used on input line 710.
(pdftex.def)             Requested size: 433.62555pt x 252.94823pt.
<Tarea_2_Macroeconomía_files/figure-latex/unnamed-chunk-10-1.pdf, id=168, 433.
=======
[5] [6] [7] [8] [9] [10]
<Tarea_2_Macroeconomía_files/figure-latex/unnamed-chunk-9-1.pdf, id=219, 433.
>>>>>>> Stashed changes
62pt x 252.945pt>
File: Tarea_2_Macroeconomía_files/figure-latex/unnamed-chunk-9-1.pdf Graphic 
file (type pdf)
<<<<<<< Updated upstream
<use Tarea_2_Macroeconomía_files/figure-latex/unnamed-chunk-10-1.pdf>
Package pdftex.def Info: Tarea_2_Macroeconomía_files/figure-latex/unnamed-chun
k-10-1.pdf  used on input line 712.
(pdftex.def)             Requested size: 433.62555pt x 252.94823pt.
[12 <./Tarea_2_Macroeconomía_files/figure-latex/unnamed-chunk-9-1.pdf>]
<Tarea_2_Macroeconomía_files/figure-latex/unnamed-chunk-11-1.pdf, id=183, 433.
62pt x 252.945pt>
File: Tarea_2_Macroeconomía_files/figure-latex/unnamed-chunk-11-1.pdf Graphic 
file (type pdf)
<use Tarea_2_Macroeconomía_files/figure-latex/unnamed-chunk-11-1.pdf>
Package pdftex.def Info: Tarea_2_Macroeconomía_files/figure-latex/unnamed-chun
k-11-1.pdf  used on input line 714.
(pdftex.def)             Requested size: 433.62555pt x 252.94823pt.
[13 <./Tarea_2_Macroeconomía_files/figure-latex/unnamed-chunk-10-1.pdf> <./Tar
ea_2_Macroeconomía_files/figure-latex/unnamed-chunk-11-1.pdf>]
<Tarea_2_Macroeconomía_files/figure-latex/unnamed-chunk-13-1.pdf, id=200, 433.
62pt x 252.945pt>
File: Tarea_2_Macroeconomía_files/figure-latex/unnamed-chunk-13-1.pdf Graphic 
file (type pdf)
<use Tarea_2_Macroeconomía_files/figure-latex/unnamed-chunk-13-1.pdf>
Package pdftex.def Info: Tarea_2_Macroeconomía_files/figure-latex/unnamed-chun
k-13-1.pdf  used on input line 765.
=======
<use Tarea_2_Macroeconomía_files/figure-latex/unnamed-chunk-9-1.pdf>
Package pdftex.def Info: Tarea_2_Macroeconomía_files/figure-latex/unnamed-chu
nk-9-1.pdf  used on input line 702.
(pdftex.def)             Requested size: 433.62555pt x 252.94823pt.
<Tarea_2_Macroeconomía_files/figure-latex/unnamed-chunk-10-1.pdf, id=220, 433
.62pt x 252.945pt>
File: Tarea_2_Macroeconomía_files/figure-latex/unnamed-chunk-10-1.pdf Graphic
 file (type pdf)
<use Tarea_2_Macroeconomía_files/figure-latex/unnamed-chunk-10-1.pdf>
Package pdftex.def Info: Tarea_2_Macroeconomía_files/figure-latex/unnamed-chu
nk-10-1.pdf  used on input line 704.
(pdftex.def)             Requested size: 433.62555pt x 252.94823pt.
[11 <./Tarea_2_Macroeconomía_files/figure-latex/unnamed-chunk-9-1.pdf>]
<Tarea_2_Macroeconomía_files/figure-latex/unnamed-chunk-11-1.pdf, id=234, 433
.62pt x 252.945pt>
File: Tarea_2_Macroeconomía_files/figure-latex/unnamed-chunk-11-1.pdf Graphic
 file (type pdf)
<use Tarea_2_Macroeconomía_files/figure-latex/unnamed-chunk-11-1.pdf>
Package pdftex.def Info: Tarea_2_Macroeconomía_files/figure-latex/unnamed-chu
nk-11-1.pdf  used on input line 706.
>>>>>>> Stashed changes
(pdftex.def)             Requested size: 433.62555pt x 252.94823pt.
[12 <./Tarea_2_Macroeconomía_files/figure-latex/unnamed-chunk-10-1.pdf> <./Ta
rea_2_Macroeconomía_files/figure-latex/unnamed-chunk-11-1.pdf>]
<Tarea_2_Macroeconomía_files/figure-latex/unnamed-chunk-13-1.pdf, id=252, 433
.62pt x 252.945pt>
File: Tarea_2_Macroeconomía_files/figure-latex/unnamed-chunk-13-1.pdf Graphic
 file (type pdf)
<use Tarea_2_Macroeconomía_files/figure-latex/unnamed-chunk-13-1.pdf>
Package pdftex.def Info: Tarea_2_Macroeconomía_files/figure-latex/unnamed-chu
nk-13-1.pdf  used on input line 757.
(pdftex.def)             Requested size: 433.62555pt x 252.94823pt.
[13 <./Tarea_2_Macroeconomía_files/figure-latex/unnamed-chunk-13-1.pdf>] [14]
LaTeX Font Info:    External font `lmex10' loaded for size
<<<<<<< Updated upstream
(Font)              <8> on input line 860.
LaTeX Font Info:    External font `lmex10' loaded for size
(Font)              <6> on input line 860.

Overfull \hbox (41.3254pt too wide) in paragraph at lines 860--884
=======
(Font)              <8> on input line 852.
LaTeX Font Info:    External font `lmex10' loaded for size
(Font)              <6> on input line 852.

Overfull \hbox (41.3254pt too wide) in paragraph at lines 852--876
>>>>>>> Stashed changes
 [][] 
 []


<<<<<<< Updated upstream
LaTeX Warning: Command \' invalid in math mode on input line 916.

[16]
Overfull \hbox (56.1033pt too wide) in paragraph at lines 956--980
=======
LaTeX Warning: Command \' invalid in math mode on input line 908.

[15]
Overfull \hbox (56.1033pt too wide) in paragraph at lines 948--972
>>>>>>> Stashed changes
 [][] 
 []

[16] [17] [18] [19

] [20

<<<<<<< Updated upstream
] [22] [23]
Overfull \hbox (32.60916pt too wide) in paragraph at lines 1474--1499
=======
] [21] [22]
Overfull \hbox (32.60916pt too wide) in paragraph at lines 1466--1491
>>>>>>> Stashed changes
 [][] 
 []

[23

] [24

] [25] [26] [27

] [28

<<<<<<< Updated upstream
] [30] [31] [32]
<Tarea_2_Macroeconomía_files/figure-latex/unnamed-chunk-75-1.pdf, id=318, 433.
62pt x 252.945pt>
File: Tarea_2_Macroeconomía_files/figure-latex/unnamed-chunk-75-1.pdf Graphic 
file (type pdf)
<use Tarea_2_Macroeconomía_files/figure-latex/unnamed-chunk-75-1.pdf>
Package pdftex.def Info: Tarea_2_Macroeconomía_files/figure-latex/unnamed-chun
k-75-1.pdf  used on input line 2093.
(pdftex.def)             Requested size: 433.62555pt x 252.94823pt.
<Tarea_2_Macroeconomía_files/figure-latex/unnamed-chunk-76-1.pdf, id=319, 433.
62pt x 252.945pt>
File: Tarea_2_Macroeconomía_files/figure-latex/unnamed-chunk-76-1.pdf Graphic 
file (type pdf)
<use Tarea_2_Macroeconomía_files/figure-latex/unnamed-chunk-76-1.pdf>
Package pdftex.def Info: Tarea_2_Macroeconomía_files/figure-latex/unnamed-chun
k-76-1.pdf  used on input line 2103.
(pdftex.def)             Requested size: 433.62555pt x 252.94823pt.
[33 <./Tarea_2_Macroeconomía_files/figure-latex/unnamed-chunk-75-1.pdf>]
<Tarea_2_Macroeconomía_files/figure-latex/unnamed-chunk-77-1.pdf, id=332, 433.
62pt x 252.945pt>
File: Tarea_2_Macroeconomía_files/figure-latex/unnamed-chunk-77-1.pdf Graphic 
file (type pdf)
<use Tarea_2_Macroeconomía_files/figure-latex/unnamed-chunk-77-1.pdf>
Package pdftex.def Info: Tarea_2_Macroeconomía_files/figure-latex/unnamed-chun
k-77-1.pdf  used on input line 2116.
(pdftex.def)             Requested size: 433.62555pt x 252.94823pt.
[34 <./Tarea_2_Macroeconomía_files/figure-latex/unnamed-chunk-76-1.pdf> <./Tar
ea_2_Macroeconomía_files/figure-latex/unnamed-chunk-77-1.pdf>]
<Tarea_2_Macroeconomía_files/figure-latex/unnamed-chunk-78-1.pdf, id=349, 433.
62pt x 252.945pt>
File: Tarea_2_Macroeconomía_files/figure-latex/unnamed-chunk-78-1.pdf Graphic 
file (type pdf)
<use Tarea_2_Macroeconomía_files/figure-latex/unnamed-chunk-78-1.pdf>
Package pdftex.def Info: Tarea_2_Macroeconomía_files/figure-latex/unnamed-chun
k-78-1.pdf  used on input line 2125.
(pdftex.def)             Requested size: 433.62555pt x 252.94823pt.
<Tarea_2_Macroeconomía_files/figure-latex/unnamed-chunk-80-1.pdf, id=350, 433.
62pt x 252.945pt>
File: Tarea_2_Macroeconomía_files/figure-latex/unnamed-chunk-80-1.pdf Graphic 
file (type pdf)
<use Tarea_2_Macroeconomía_files/figure-latex/unnamed-chunk-80-1.pdf>
Package pdftex.def Info: Tarea_2_Macroeconomía_files/figure-latex/unnamed-chun
k-80-1.pdf  used on input line 2134.
(pdftex.def)             Requested size: 433.62555pt x 252.94823pt.
[35 <./Tarea_2_Macroeconomía_files/figure-latex/unnamed-chunk-78-1.pdf> <./Tar
ea_2_Macroeconomía_files/figure-latex/unnamed-chunk-80-1.pdf>]
<Tarea_2_Macroeconomía_files/figure-latex/unnamed-chunk-83-1.pdf, id=368, 433.
62pt x 252.945pt>
File: Tarea_2_Macroeconomía_files/figure-latex/unnamed-chunk-83-1.pdf Graphic 
file (type pdf)
<use Tarea_2_Macroeconomía_files/figure-latex/unnamed-chunk-83-1.pdf>
Package pdftex.def Info: Tarea_2_Macroeconomía_files/figure-latex/unnamed-chun
k-83-1.pdf  used on input line 2153.
(pdftex.def)             Requested size: 433.62555pt x 252.94823pt.
<Tarea_2_Macroeconomía_files/figure-latex/unnamed-chunk-85-1.pdf, id=369, 433.
62pt x 252.945pt>
File: Tarea_2_Macroeconomía_files/figure-latex/unnamed-chunk-85-1.pdf Graphic 
file (type pdf)
<use Tarea_2_Macroeconomía_files/figure-latex/unnamed-chunk-85-1.pdf>
Package pdftex.def Info: Tarea_2_Macroeconomía_files/figure-latex/unnamed-chun
k-85-1.pdf  used on input line 2185.
(pdftex.def)             Requested size: 433.62555pt x 252.94823pt.
[36 <./Tarea_2_Macroeconomía_files/figure-latex/unnamed-chunk-83-1.pdf>]
<Tarea_2_Macroeconomía_files/figure-latex/unnamed-chunk-87-1.pdf, id=383, 433.
62pt x 252.945pt>
File: Tarea_2_Macroeconomía_files/figure-latex/unnamed-chunk-87-1.pdf Graphic 
file (type pdf)
<use Tarea_2_Macroeconomía_files/figure-latex/unnamed-chunk-87-1.pdf>
Package pdftex.def Info: Tarea_2_Macroeconomía_files/figure-latex/unnamed-chun
k-87-1.pdf  used on input line 2217.
(pdftex.def)             Requested size: 433.62555pt x 252.94823pt.
[37 <./Tarea_2_Macroeconomía_files/figure-latex/unnamed-chunk-85-1.pdf>]
<Tarea_2_Macroeconomía_files/figure-latex/unnamed-chunk-89-1.pdf, id=395, 433.
62pt x 252.945pt>
File: Tarea_2_Macroeconomía_files/figure-latex/unnamed-chunk-89-1.pdf Graphic 
file (type pdf)
<use Tarea_2_Macroeconomía_files/figure-latex/unnamed-chunk-89-1.pdf>
Package pdftex.def Info: Tarea_2_Macroeconomía_files/figure-latex/unnamed-chun
k-89-1.pdf  used on input line 2249.
=======
] [29] [30] [31]
<Tarea_2_Macroeconomía_files/figure-latex/unnamed-chunk-75-1.pdf, id=372, 433
.62pt x 252.945pt>
File: Tarea_2_Macroeconomía_files/figure-latex/unnamed-chunk-75-1.pdf Graphic
 file (type pdf)
<use Tarea_2_Macroeconomía_files/figure-latex/unnamed-chunk-75-1.pdf>
Package pdftex.def Info: Tarea_2_Macroeconomía_files/figure-latex/unnamed-chu
nk-75-1.pdf  used on input line 2085.
(pdftex.def)             Requested size: 433.62555pt x 252.94823pt.
<Tarea_2_Macroeconomía_files/figure-latex/unnamed-chunk-76-1.pdf, id=373, 433
.62pt x 252.945pt>
File: Tarea_2_Macroeconomía_files/figure-latex/unnamed-chunk-76-1.pdf Graphic
 file (type pdf)
<use Tarea_2_Macroeconomía_files/figure-latex/unnamed-chunk-76-1.pdf>
Package pdftex.def Info: Tarea_2_Macroeconomía_files/figure-latex/unnamed-chu
nk-76-1.pdf  used on input line 2095.
(pdftex.def)             Requested size: 433.62555pt x 252.94823pt.
[32 <./Tarea_2_Macroeconomía_files/figure-latex/unnamed-chunk-75-1.pdf>]
<Tarea_2_Macroeconomía_files/figure-latex/unnamed-chunk-77-1.pdf, id=386, 433
.62pt x 252.945pt>
File: Tarea_2_Macroeconomía_files/figure-latex/unnamed-chunk-77-1.pdf Graphic
 file (type pdf)
<use Tarea_2_Macroeconomía_files/figure-latex/unnamed-chunk-77-1.pdf>
Package pdftex.def Info: Tarea_2_Macroeconomía_files/figure-latex/unnamed-chu
nk-77-1.pdf  used on input line 2108.
(pdftex.def)             Requested size: 433.62555pt x 252.94823pt.
[33 <./Tarea_2_Macroeconomía_files/figure-latex/unnamed-chunk-76-1.pdf> <./Ta
rea_2_Macroeconomía_files/figure-latex/unnamed-chunk-77-1.pdf>]
<Tarea_2_Macroeconomía_files/figure-latex/unnamed-chunk-78-1.pdf, id=403, 433
.62pt x 252.945pt>
File: Tarea_2_Macroeconomía_files/figure-latex/unnamed-chunk-78-1.pdf Graphic
 file (type pdf)
<use Tarea_2_Macroeconomía_files/figure-latex/unnamed-chunk-78-1.pdf>
Package pdftex.def Info: Tarea_2_Macroeconomía_files/figure-latex/unnamed-chu
nk-78-1.pdf  used on input line 2117.
(pdftex.def)             Requested size: 433.62555pt x 252.94823pt.
<Tarea_2_Macroeconomía_files/figure-latex/unnamed-chunk-80-1.pdf, id=404, 433
.62pt x 252.945pt>
File: Tarea_2_Macroeconomía_files/figure-latex/unnamed-chunk-80-1.pdf Graphic
 file (type pdf)
<use Tarea_2_Macroeconomía_files/figure-latex/unnamed-chunk-80-1.pdf>
Package pdftex.def Info: Tarea_2_Macroeconomía_files/figure-latex/unnamed-chu
nk-80-1.pdf  used on input line 2126.
(pdftex.def)             Requested size: 433.62555pt x 252.94823pt.
[34 <./Tarea_2_Macroeconomía_files/figure-latex/unnamed-chunk-78-1.pdf> <./Ta
rea_2_Macroeconomía_files/figure-latex/unnamed-chunk-80-1.pdf>]
<Tarea_2_Macroeconomía_files/figure-latex/unnamed-chunk-83-1.pdf, id=423, 433
.62pt x 252.945pt>
File: Tarea_2_Macroeconomía_files/figure-latex/unnamed-chunk-83-1.pdf Graphic
 file (type pdf)
<use Tarea_2_Macroeconomía_files/figure-latex/unnamed-chunk-83-1.pdf>
Package pdftex.def Info: Tarea_2_Macroeconomía_files/figure-latex/unnamed-chu
nk-83-1.pdf  used on input line 2145.
(pdftex.def)             Requested size: 433.62555pt x 252.94823pt.
<Tarea_2_Macroeconomía_files/figure-latex/unnamed-chunk-85-1.pdf, id=424, 433
.62pt x 252.945pt>
File: Tarea_2_Macroeconomía_files/figure-latex/unnamed-chunk-85-1.pdf Graphic
 file (type pdf)
<use Tarea_2_Macroeconomía_files/figure-latex/unnamed-chunk-85-1.pdf>
Package pdftex.def Info: Tarea_2_Macroeconomía_files/figure-latex/unnamed-chu
nk-85-1.pdf  used on input line 2177.
(pdftex.def)             Requested size: 433.62555pt x 252.94823pt.
[35 <./Tarea_2_Macroeconomía_files/figure-latex/unnamed-chunk-83-1.pdf>]
<Tarea_2_Macroeconomía_files/figure-latex/unnamed-chunk-87-1.pdf, id=437, 433
.62pt x 252.945pt>
File: Tarea_2_Macroeconomía_files/figure-latex/unnamed-chunk-87-1.pdf Graphic
 file (type pdf)
<use Tarea_2_Macroeconomía_files/figure-latex/unnamed-chunk-87-1.pdf>
Package pdftex.def Info: Tarea_2_Macroeconomía_files/figure-latex/unnamed-chu
nk-87-1.pdf  used on input line 2209.
(pdftex.def)             Requested size: 433.62555pt x 252.94823pt.
[36 <./Tarea_2_Macroeconomía_files/figure-latex/unnamed-chunk-85-1.pdf>]
<Tarea_2_Macroeconomía_files/figure-latex/unnamed-chunk-89-1.pdf, id=450, 433
.62pt x 252.945pt>
File: Tarea_2_Macroeconomía_files/figure-latex/unnamed-chunk-89-1.pdf Graphic
 file (type pdf)
<use Tarea_2_Macroeconomía_files/figure-latex/unnamed-chunk-89-1.pdf>
Package pdftex.def Info: Tarea_2_Macroeconomía_files/figure-latex/unnamed-chu
nk-89-1.pdf  used on input line 2241.
>>>>>>> Stashed changes
(pdftex.def)             Requested size: 433.62555pt x 252.94823pt.
[37 <./Tarea_2_Macroeconomía_files/figure-latex/unnamed-chunk-87-1.pdf>] [38 
<./Tarea_2_Macroeconomía_files/figure-latex/unnamed-chunk-89-1.pdf>]
Overfull \hbox (17.99997pt too wide) in alignment at lines 2370--2385
 [] [] [] [] 
 []


Overfull \hbox (17.99997pt too wide) in alignment at lines 2385--2399
 [] [] [] [] 
 []

[39] [40] [41] [42] [43] (./Tarea_2_Macroeconomía.aux
LaTeX Info: Redefining \. on input line 25.
LaTeX Info: Redefining \% on input line 25.
)

LaTeX Warning: There were multiply-defined labels.

Package rerunfilecheck Info: File `Tarea_2_Macroeconomía.out' has not changed
.
(rerunfilecheck)             Checksum: C4D5BCDC0C140015DB62220F5F4F8E8C;2018.
 ) 
Here is how much of TeX's memory you used:
<<<<<<< Updated upstream
 17568 strings out of 479618
 268978 string characters out of 2865027
 627323 words of memory out of 3000000
 34005 multiletter control sequences out of 15000+200000
 486223 words of font info for 197 fonts, out of 3000000 for 9000
 1141 hyphenation exceptions out of 8191
 85i,11n,88p,583b,513s stack positions out of 5000i,500n,10000p,200000b,50000s
{C:/Users/marco/AppData/Local/Programs/MiKTeX/fonts/enc/dvips/lm/lm-ec.enc}{C
:/Users/marco/AppData/Local/Programs/MiKTeX/fonts/enc/dvips/lm/lm-mathit.enc}{C
:/Users/marco/AppData/Local/Programs/MiKTeX/fonts/enc/dvips/lm/lm-rm.enc}{C:/Us
ers/marco/AppData/Local/Programs/MiKTeX/fonts/enc/dvips/lm/lm-mathsy.enc}{C:/Us
ers/marco/AppData/Local/Programs/MiKTeX/fonts/enc/dvips/lm/lm-mathex.enc}<C:/Us
ers/marco/AppData/Local/Programs/MiKTeX/fonts/type1/public/lm/lmbx10.pfb><C:/Us
ers/marco/AppData/Local/Programs/MiKTeX/fonts/type1/public/lm/lmbx12.pfb><C:/Us
ers/marco/AppData/Local/Programs/MiKTeX/fonts/type1/public/lm/lmbx7.pfb><C:/Use
rs/marco/AppData/Local/Programs/MiKTeX/fonts/type1/public/lm/lmcsc10.pfb><C:/Us
ers/marco/AppData/Local/Programs/MiKTeX/fonts/type1/public/lm/lmex10.pfb><C:/Us
ers/marco/AppData/Local/Programs/MiKTeX/fonts/type1/public/lm/lmmi10.pfb><C:/Us
ers/marco/AppData/Local/Programs/MiKTeX/fonts/type1/public/lm/lmmi5.pfb><C:/Use
rs/marco/AppData/Local/Programs/MiKTeX/fonts/type1/public/lm/lmmi7.pfb><C:/User
s/marco/AppData/Local/Programs/MiKTeX/fonts/type1/public/lm/lmmi8.pfb><C:/Users
/marco/AppData/Local/Programs/MiKTeX/fonts/type1/public/lm/lmr10.pfb><C:/Users/
marco/AppData/Local/Programs/MiKTeX/fonts/type1/public/lm/lmr12.pfb><C:/Users/m
arco/AppData/Local/Programs/MiKTeX/fonts/type1/public/lm/lmr5.pfb><C:/Users/mar
co/AppData/Local/Programs/MiKTeX/fonts/type1/public/lm/lmr6.pfb><C:/Users/marco
/AppData/Local/Programs/MiKTeX/fonts/type1/public/lm/lmr7.pfb><C:/Users/marco/A
ppData/Local/Programs/MiKTeX/fonts/type1/public/lm/lmr8.pfb><C:/Users/marco/App
Data/Local/Programs/MiKTeX/fonts/type1/public/lm/lmri10.pfb><C:/Users/marco/App
Data/Local/Programs/MiKTeX/fonts/type1/public/lm/lmri8.pfb><C:/Users/marco/AppD
ata/Local/Programs/MiKTeX/fonts/type1/public/lm/lmsy10.pfb><C:/Users/marco/AppD
ata/Local/Programs/MiKTeX/fonts/type1/public/lm/lmsy5.pfb><C:/Users/marco/AppDa
ta/Local/Programs/MiKTeX/fonts/type1/public/lm/lmsy6.pfb><C:/Users/marco/AppDat
a/Local/Programs/MiKTeX/fonts/type1/public/lm/lmsy7.pfb><C:/Users/marco/AppData
/Local/Programs/MiKTeX/fonts/type1/public/lm/lmsy8.pfb>
Output written on Tarea_2_Macroeconomía.pdf (44 pages, 802814 bytes).
PDF statistics:
 645 PDF objects out of 1000 (max. 8388607)
 149 named destinations out of 1000 (max. 500000)
 43294 words of extra memory for PDF output out of 51595 (max. 10000000)
=======
 14585 strings out of 480953
 221007 string characters out of 5905232
 569307 words of memory out of 5000000
 31369 multiletter control sequences out of 15000+600000
 476201 words of font info for 70 fonts, out of 8000000 for 9000
 14 hyphenation exceptions out of 8191
 71i,11n,74p,576b,526s stack positions out of 5000i,500n,10000p,200000b,80000s
{/Users/leobardoenriquez/Library/TinyTeX/texmf-dist/fonts/enc/dvips/lm/lm-ec.
enc}{/Users/leobardoenriquez/Library/TinyTeX/texmf-dist/fonts/enc/dvips/lm/lm-m
athit.enc}{/Users/leobardoenriquez/Library/TinyTeX/texmf-dist/fonts/enc/dvips/l
m/lm-rm.enc}{/Users/leobardoenriquez/Library/TinyTeX/texmf-dist/fonts/enc/dvips
/lm/lm-mathsy.enc}{/Users/leobardoenriquez/Library/TinyTeX/texmf-dist/fonts/enc
/dvips/lm/lm-mathex.enc}</Users/leobardoenriquez/Library/TinyTeX/texmf-dist/fon
ts/type1/public/lm/lmbx10.pfb></Users/leobardoenriquez/Library/TinyTeX/texmf-di
st/fonts/type1/public/lm/lmbx12.pfb></Users/leobardoenriquez/Library/TinyTeX/te
xmf-dist/fonts/type1/public/lm/lmbx7.pfb></Users/leobardoenriquez/Library/TinyT
eX/texmf-dist/fonts/type1/public/lm/lmbxi10.pfb></Users/leobardoenriquez/Librar
y/TinyTeX/texmf-dist/fonts/type1/public/lm/lmcsc10.pfb></Users/leobardoenriquez
/Library/TinyTeX/texmf-dist/fonts/type1/public/lm/lmex10.pfb></Users/leobardoen
riquez/Library/TinyTeX/texmf-dist/fonts/type1/public/lm/lmmi10.pfb></Users/leob
ardoenriquez/Library/TinyTeX/texmf-dist/fonts/type1/public/lm/lmmi5.pfb></Users
/leobardoenriquez/Library/TinyTeX/texmf-dist/fonts/type1/public/lm/lmmi7.pfb></
Users/leobardoenriquez/Library/TinyTeX/texmf-dist/fonts/type1/public/lm/lmmi8.p
fb></Users/leobardoenriquez/Library/TinyTeX/texmf-dist/fonts/type1/public/lm/lm
r10.pfb></Users/leobardoenriquez/Library/TinyTeX/texmf-dist/fonts/type1/public/
lm/lmr12.pfb></Users/leobardoenriquez/Library/TinyTeX/texmf-dist/fonts/type1/pu
blic/lm/lmr5.pfb></Users/leobardoenriquez/Library/TinyTeX/texmf-dist/fonts/type
1/public/lm/lmr6.pfb></Users/leobardoenriquez/Library/TinyTeX/texmf-dist/fonts/
type1/public/lm/lmr7.pfb></Users/leobardoenriquez/Library/TinyTeX/texmf-dist/fo
nts/type1/public/lm/lmr8.pfb></Users/leobardoenriquez/Library/TinyTeX/texmf-dis
t/fonts/type1/public/lm/lmri10.pfb></Users/leobardoenriquez/Library/TinyTeX/tex
mf-dist/fonts/type1/public/lm/lmri8.pfb></Users/leobardoenriquez/Library/TinyTe
X/texmf-dist/fonts/type1/public/lm/lmsy10.pfb></Users/leobardoenriquez/Library/
TinyTeX/texmf-dist/fonts/type1/public/lm/lmsy5.pfb></Users/leobardoenriquez/Lib
rary/TinyTeX/texmf-dist/fonts/type1/public/lm/lmsy6.pfb></Users/leobardoenrique
z/Library/TinyTeX/texmf-dist/fonts/type1/public/lm/lmsy7.pfb></Users/leobardoen
riquez/Library/TinyTeX/texmf-dist/fonts/type1/public/lm/lmsy8.pfb>
Output written on Tarea_2_Macroeconomía.pdf (44 pages, 614853 bytes).
PDF statistics:
 633 PDF objects out of 1000 (max. 8388607)
 531 compressed objects within 6 object streams
 148 named destinations out of 1000 (max. 500000)
 271 words of extra memory for PDF output out of 10000 (max. 10000000)
>>>>>>> Stashed changes

